<?xml version="1.0" encoding="utf-8"?>
<TestRun id="7a169084-d3db-43b3-b4bc-d73e0c0307c6" name="@bf110c70a91d 2026-01-11 22:17:18" xmlns="http://microsoft.com/schemas/VisualStudio/TeamTest/2010">
  <Times creation="2026-01-11T22:17:18.1753671+00:00" queuing="2026-01-11T22:17:18.1753672+00:00" start="2026-01-11T22:17:14.5113068+00:00" finish="2026-01-11T22:17:18.5300294+00:00" />
  <TestSettings name="default" id="5400c220-bad7-41b1-9eb9-7a4447c28974">
    <Deployment runDeploymentRoot="_bf110c70a91d_2026-01-11_22_17_18" />
  </TestSettings>
  <Results>
    <UnitTestResult executionId="10b2eea3-de54-4d47-ad34-7111913d269e" testId="415ba134-e204-fb07-82d1-c7cab7088be2" testName="Eventity.Tests.E2E.E2ETests.UserRegistrationAndLogin_ShouldWorkCorrectly" computerName="bf110c70a91d" duration="00:00:00.0198888" startTime="2026-01-11T22:17:18.4199588+00:00" endTime="2026-01-11T22:17:18.4199589+00:00" testType="13cdc9d9-ddb5-4fa4-a97d-d965ccfc6d4b" outcome="Passed" testListId="8c84fa94-04c1-424b-9868-57a2d4851a1d" relativeResultsDirectory="10b2eea3-de54-4d47-ad34-7111913d269e" />
    <UnitTestResult executionId="b2a9e513-385d-40d3-91d9-5a79f9f26dac" testId="6997d790-999d-144e-74ee-1a0c8a4e3a1c" testName="Eventity.Tests.E2E.E2ETests.EventCreation_ShouldSyncCalendarAndReminders" computerName="bf110c70a91d" duration="00:00:01.8942349" startTime="2026-01-11T22:17:18.0931054+00:00" endTime="2026-01-11T22:17:18.0931350+00:00" testType="13cdc9d9-ddb5-4fa4-a97d-d965ccfc6d4b" outcome="Passed" testListId="8c84fa94-04c1-424b-9868-57a2d4851a1d" relativeResultsDirectory="b2a9e513-385d-40d3-91d9-5a79f9f26dac" />
    <UnitTestResult executionId="47526e41-cb87-4aec-bae4-47d9369b8fb0" testId="21c89fbb-c128-60cd-d5d8-a89b119023ce" testName="Eventity.Tests.E2E.E2ETests.CompleteEventScenario_ShouldWorkEndToEnd" computerName="bf110c70a91d" duration="00:00:00.1730700" startTime="2026-01-11T22:17:18.3026553+00:00" endTime="2026-01-11T22:17:18.3026554+00:00" testType="13cdc9d9-ddb5-4fa4-a97d-d965ccfc6d4b" outcome="Passed" testListId="8c84fa94-04c1-424b-9868-57a2d4851a1d" relativeResultsDirectory="47526e41-cb87-4aec-bae4-47d9369b8fb0" />
    <UnitTestResult executionId="b6c530c8-474e-4a07-ba30-b029bffa5520" testId="4c6705ae-9057-fbbc-b752-aa9c75023c80" testName="Eventity.Tests.E2E.E2ETests.EventCreationAndManagement_ShouldHandleMultipleParticipants" computerName="bf110c70a91d" duration="00:00:00.0755103" startTime="2026-01-11T22:17:18.3899401+00:00" endTime="2026-01-11T22:17:18.3899402+00:00" testType="13cdc9d9-ddb5-4fa4-a97d-d965ccfc6d4b" outcome="Passed" testListId="8c84fa94-04c1-424b-9868-57a2d4851a1d" relativeResultsDirectory="b6c530c8-474e-4a07-ba30-b029bffa5520" />
  </Results>
  <TestDefinitions>
    <UnitTest name="Eventity.Tests.E2E.E2ETests.UserRegistrationAndLogin_ShouldWorkCorrectly" storage="/src/eventity.tests.e2e/bin/debug/net6.0/eventity.tests.e2e.dll" id="415ba134-e204-fb07-82d1-c7cab7088be2">
      <Execution id="10b2eea3-de54-4d47-ad34-7111913d269e" />
      <TestMethod codeBase="/src/Eventity.Tests.E2E/bin/Debug/net6.0/Eventity.Tests.E2E.dll" adapterTypeName="executor://xunit/VsTestRunner2/netcoreapp" className="Eventity.Tests.E2E.E2ETests" name="UserRegistrationAndLogin_ShouldWorkCorrectly" />
    </UnitTest>
    <UnitTest name="Eventity.Tests.E2E.E2ETests.EventCreation_ShouldSyncCalendarAndReminders" storage="/src/eventity.tests.e2e/bin/debug/net6.0/eventity.tests.e2e.dll" id="6997d790-999d-144e-74ee-1a0c8a4e3a1c">
      <Execution id="b2a9e513-385d-40d3-91d9-5a79f9f26dac" />
      <TestMethod codeBase="/src/Eventity.Tests.E2E/bin/Debug/net6.0/Eventity.Tests.E2E.dll" adapterTypeName="executor://xunit/VsTestRunner2/netcoreapp" className="Eventity.Tests.E2E.E2ETests" name="EventCreation_ShouldSyncCalendarAndReminders" />
    </UnitTest>
    <UnitTest name="Eventity.Tests.E2E.E2ETests.EventCreationAndManagement_ShouldHandleMultipleParticipants" storage="/src/eventity.tests.e2e/bin/debug/net6.0/eventity.tests.e2e.dll" id="4c6705ae-9057-fbbc-b752-aa9c75023c80">
      <Execution id="b6c530c8-474e-4a07-ba30-b029bffa5520" />
      <TestMethod codeBase="/src/Eventity.Tests.E2E/bin/Debug/net6.0/Eventity.Tests.E2E.dll" adapterTypeName="executor://xunit/VsTestRunner2/netcoreapp" className="Eventity.Tests.E2E.E2ETests" name="EventCreationAndManagement_ShouldHandleMultipleParticipants" />
    </UnitTest>
    <UnitTest name="Eventity.Tests.E2E.E2ETests.CompleteEventScenario_ShouldWorkEndToEnd" storage="/src/eventity.tests.e2e/bin/debug/net6.0/eventity.tests.e2e.dll" id="21c89fbb-c128-60cd-d5d8-a89b119023ce">
      <Execution id="47526e41-cb87-4aec-bae4-47d9369b8fb0" />
      <TestMethod codeBase="/src/Eventity.Tests.E2E/bin/Debug/net6.0/Eventity.Tests.E2E.dll" adapterTypeName="executor://xunit/VsTestRunner2/netcoreapp" className="Eventity.Tests.E2E.E2ETests" name="CompleteEventScenario_ShouldWorkEndToEnd" />
    </UnitTest>
  </TestDefinitions>
  <TestEntries>
    <TestEntry testId="415ba134-e204-fb07-82d1-c7cab7088be2" executionId="10b2eea3-de54-4d47-ad34-7111913d269e" testListId="8c84fa94-04c1-424b-9868-57a2d4851a1d" />
    <TestEntry testId="6997d790-999d-144e-74ee-1a0c8a4e3a1c" executionId="b2a9e513-385d-40d3-91d9-5a79f9f26dac" testListId="8c84fa94-04c1-424b-9868-57a2d4851a1d" />
    <TestEntry testId="21c89fbb-c128-60cd-d5d8-a89b119023ce" executionId="47526e41-cb87-4aec-bae4-47d9369b8fb0" testListId="8c84fa94-04c1-424b-9868-57a2d4851a1d" />
    <TestEntry testId="4c6705ae-9057-fbbc-b752-aa9c75023c80" executionId="b6c530c8-474e-4a07-ba30-b029bffa5520" testListId="8c84fa94-04c1-424b-9868-57a2d4851a1d" />
  </TestEntries>
  <TestLists>
    <TestList name="Results Not in a List" id="8c84fa94-04c1-424b-9868-57a2d4851a1d" />
    <TestList name="All Loaded Results" id="19431567-8539-422a-85d7-44ee4e166bda" />
  </TestLists>
  <ResultSummary outcome="Completed">
    <Counters total="4" executed="4" passed="4" failed="0" error="0" timeout="0" aborted="0" inconclusive="0" passedButRunAborted="0" notRunnable="0" notExecuted="0" disconnected="0" warning="0" completed="0" inProgress="0" pending="0" />
    <Output>
      <StdOut>[xUnit.net 00:00:00.00] xUnit.net VSTest Adapter v2.5.6+bf9b858c26 (64-bit .NET 6.0.36)
[xUnit.net 00:00:00.55] XunitTestRunner's Void .ctor(Xunit.Abstractions.ITest, Xunit.Sdk.IMessageBus, System.Type, System.Object[], System.Reflection.MethodInfo, System.Object[], System.String, System.Collections.Generic.IReadOnlyList`1[Xunit.Sdk.BeforeAfterTestAttribute], Xunit.Sdk.ExceptionAggregator, System.Threading.CancellationTokenSource) has been patched
[xUnit.net 00:00:00.64] Allure reporter enabled
[xUnit.net 00:00:00.68] Patching is skipped: Xunit is already patched
[xUnit.net 00:00:00.70] Allure reporter enabled
[xUnit.net 00:00:00.79]   Discovering: Eventity.Tests.E2E
[xUnit.net 00:00:00.85]   Discovered:  Eventity.Tests.E2E
[xUnit.net 00:00:00.85]   Starting:    Eventity.Tests.E2E
[xUnit.net 00:00:03.20]   Finished:    Eventity.Tests.E2E
</StdOut>
    </Output>
  </ResultSummary>
</TestRun>