<?xml version="1.0" encoding="utf-8"?>
<TestRun id="8b63dfda-3d1b-43bc-95fc-007de4c2cad5" name="@cc7884f5f6b6 2026-01-11 21:38:15" xmlns="http://microsoft.com/schemas/VisualStudio/TeamTest/2010">
  <Times creation="2026-01-11T21:38:15.1349198+00:00" queuing="2026-01-11T21:38:15.1349199+00:00" start="2026-01-11T21:38:11.6313558+00:00" finish="2026-01-11T21:38:15.1549128+00:00" />
  <TestSettings name="default" id="a3179286-5567-40c6-aa6d-3c5bf8772efd">
    <Deployment runDeploymentRoot="_cc7884f5f6b6_2026-01-11_21_38_15" />
  </TestSettings>
  <Results>
    <UnitTestResult executionId="a5d596d9-40c3-46ed-88b0-ea065e33e64d" testId="21c89fbb-c128-60cd-d5d8-a89b119023ce" testName="Eventity.Tests.E2E.E2ETests.CompleteEventScenario_ShouldWorkEndToEnd" computerName="cc7884f5f6b6" duration="00:00:00.0505101" startTime="2026-01-11T21:38:14.8914716+00:00" endTime="2026-01-11T21:38:14.8914717+00:00" testType="13cdc9d9-ddb5-4fa4-a97d-d965ccfc6d4b" outcome="Failed" testListId="8c84fa94-04c1-424b-9868-57a2d4851a1d" relativeResultsDirectory="a5d596d9-40c3-46ed-88b0-ea065e33e64d">
      <Output>
        <ErrorInfo>
          <Message>Expected createEventResponse.StatusCode to be HttpStatusCode.Created {value: 201}, but found HttpStatusCode.BadRequest {value: 400}.</Message>
          <StackTrace>   at FluentAssertions.Execution.LateBoundTestFramework.Throw(String message)
   at FluentAssertions.Execution.DefaultAssertionStrategy.HandleFailure(String message)
   at FluentAssertions.Execution.AssertionScope.AddPreFormattedFailure(String formattedFailureMessage)
   at FluentAssertions.Execution.AssertionChain.FailWith(Func`1 getFailureReason)
   at FluentAssertions.Execution.AssertionChain.FailWith(Func`1 getFailureReason)
   at FluentAssertions.Execution.AssertionChain.FailWith(String message, Object[] args)
   at FluentAssertions.Primitives.EnumAssertions`2.Be(TEnum expected, String because, Object[] becauseArgs)
   at Eventity.Tests.E2E.E2ETests.CompleteEventScenario_ShouldWorkEndToEnd() in /src/Eventity.Tests.E2E/E2ETest.cs:line 98
--- End of stack trace from previous location ---</StackTrace>
        </ErrorInfo>
      </Output>
    </UnitTestResult>
    <UnitTestResult executionId="11f5768d-0828-4166-8072-a11af694d6a4" testId="6997d790-999d-144e-74ee-1a0c8a4e3a1c" testName="Eventity.Tests.E2E.E2ETests.EventCreation_ShouldSyncCalendarAndReminders" computerName="cc7884f5f6b6" duration="00:00:01.3582246" startTime="2026-01-11T21:38:14.7892677+00:00" endTime="2026-01-11T21:38:14.7893367+00:00" testType="13cdc9d9-ddb5-4fa4-a97d-d965ccfc6d4b" outcome="Failed" testListId="8c84fa94-04c1-424b-9868-57a2d4851a1d" relativeResultsDirectory="11f5768d-0828-4166-8072-a11af694d6a4">
      <Output>
        <ErrorInfo>
          <Message>Expected createEventResponse.StatusCode to be HttpStatusCode.Created {value: 201}, but found HttpStatusCode.BadRequest {value: 400}.</Message>
          <StackTrace>   at FluentAssertions.Execution.LateBoundTestFramework.Throw(String message)
   at FluentAssertions.Execution.DefaultAssertionStrategy.HandleFailure(String message)
   at FluentAssertions.Execution.AssertionScope.AddPreFormattedFailure(String formattedFailureMessage)
   at FluentAssertions.Execution.AssertionChain.FailWith(Func`1 getFailureReason)
   at FluentAssertions.Execution.AssertionChain.FailWith(Func`1 getFailureReason)
   at FluentAssertions.Execution.AssertionChain.FailWith(String message, Object[] args)
   at FluentAssertions.Primitives.EnumAssertions`2.Be(TEnum expected, String because, Object[] becauseArgs)
   at Eventity.Tests.E2E.E2ETests.EventCreation_ShouldSyncCalendarAndReminders() in /src/Eventity.Tests.E2E/E2ETest.cs:line 289
--- End of stack trace from previous location ---</StackTrace>
        </ErrorInfo>
      </Output>
    </UnitTestResult>
    <UnitTestResult executionId="21cc69a6-de4a-4d4d-88e8-c7a83b16e477" testId="415ba134-e204-fb07-82d1-c7cab7088be2" testName="Eventity.Tests.E2E.E2ETests.UserRegistrationAndLogin_ShouldWorkCorrectly" computerName="cc7884f5f6b6" duration="00:00:00.0308215" startTime="2026-01-11T21:38:14.9738294+00:00" endTime="2026-01-11T21:38:14.9738295+00:00" testType="13cdc9d9-ddb5-4fa4-a97d-d965ccfc6d4b" outcome="Passed" testListId="8c84fa94-04c1-424b-9868-57a2d4851a1d" relativeResultsDirectory="21cc69a6-de4a-4d4d-88e8-c7a83b16e477" />
    <UnitTestResult executionId="f73890d7-739b-4368-bc85-e4112a95de63" testId="4c6705ae-9057-fbbc-b752-aa9c75023c80" testName="Eventity.Tests.E2E.E2ETests.EventCreationAndManagement_ShouldHandleMultipleParticipants" computerName="cc7884f5f6b6" duration="00:00:00.0222570" startTime="2026-01-11T21:38:14.9294021+00:00" endTime="2026-01-11T21:38:14.9294022+00:00" testType="13cdc9d9-ddb5-4fa4-a97d-d965ccfc6d4b" outcome="Failed" testListId="8c84fa94-04c1-424b-9868-57a2d4851a1d" relativeResultsDirectory="f73890d7-739b-4368-bc85-e4112a95de63">
      <Output>
        <ErrorInfo>
          <Message>Expected createEventResponse.StatusCode to be HttpStatusCode.Created {value: 201}, but found HttpStatusCode.BadRequest {value: 400}.</Message>
          <StackTrace>   at FluentAssertions.Execution.LateBoundTestFramework.Throw(String message)
   at FluentAssertions.Execution.DefaultAssertionStrategy.HandleFailure(String message)
   at FluentAssertions.Execution.AssertionScope.AddPreFormattedFailure(String formattedFailureMessage)
   at FluentAssertions.Execution.AssertionChain.FailWith(Func`1 getFailureReason)
   at FluentAssertions.Execution.AssertionChain.FailWith(Func`1 getFailureReason)
   at FluentAssertions.Execution.AssertionChain.FailWith(String message, Object[] args)
   at FluentAssertions.Primitives.EnumAssertions`2.Be(TEnum expected, String because, Object[] becauseArgs)
   at Eventity.Tests.E2E.E2ETests.EventCreationAndManagement_ShouldHandleMultipleParticipants() in /src/Eventity.Tests.E2E/E2ETest.cs:line 186
--- End of stack trace from previous location ---</StackTrace>
        </ErrorInfo>
      </Output>
    </UnitTestResult>
  </Results>
  <TestDefinitions>
    <UnitTest name="Eventity.Tests.E2E.E2ETests.UserRegistrationAndLogin_ShouldWorkCorrectly" storage="/src/eventity.tests.e2e/bin/debug/net6.0/eventity.tests.e2e.dll" id="415ba134-e204-fb07-82d1-c7cab7088be2">
      <Execution id="21cc69a6-de4a-4d4d-88e8-c7a83b16e477" />
      <TestMethod codeBase="/src/Eventity.Tests.E2E/bin/Debug/net6.0/Eventity.Tests.E2E.dll" adapterTypeName="executor://xunit/VsTestRunner2/netcoreapp" className="Eventity.Tests.E2E.E2ETests" name="UserRegistrationAndLogin_ShouldWorkCorrectly" />
    </UnitTest>
    <UnitTest name="Eventity.Tests.E2E.E2ETests.EventCreation_ShouldSyncCalendarAndReminders" storage="/src/eventity.tests.e2e/bin/debug/net6.0/eventity.tests.e2e.dll" id="6997d790-999d-144e-74ee-1a0c8a4e3a1c">
      <Execution id="11f5768d-0828-4166-8072-a11af694d6a4" />
      <TestMethod codeBase="/src/Eventity.Tests.E2E/bin/Debug/net6.0/Eventity.Tests.E2E.dll" adapterTypeName="executor://xunit/VsTestRunner2/netcoreapp" className="Eventity.Tests.E2E.E2ETests" name="EventCreation_ShouldSyncCalendarAndReminders" />
    </UnitTest>
    <UnitTest name="Eventity.Tests.E2E.E2ETests.EventCreationAndManagement_ShouldHandleMultipleParticipants" storage="/src/eventity.tests.e2e/bin/debug/net6.0/eventity.tests.e2e.dll" id="4c6705ae-9057-fbbc-b752-aa9c75023c80">
      <Execution id="f73890d7-739b-4368-bc85-e4112a95de63" />
      <TestMethod codeBase="/src/Eventity.Tests.E2E/bin/Debug/net6.0/Eventity.Tests.E2E.dll" adapterTypeName="executor://xunit/VsTestRunner2/netcoreapp" className="Eventity.Tests.E2E.E2ETests" name="EventCreationAndManagement_ShouldHandleMultipleParticipants" />
    </UnitTest>
    <UnitTest name="Eventity.Tests.E2E.E2ETests.CompleteEventScenario_ShouldWorkEndToEnd" storage="/src/eventity.tests.e2e/bin/debug/net6.0/eventity.tests.e2e.dll" id="21c89fbb-c128-60cd-d5d8-a89b119023ce">
      <Execution id="a5d596d9-40c3-46ed-88b0-ea065e33e64d" />
      <TestMethod codeBase="/src/Eventity.Tests.E2E/bin/Debug/net6.0/Eventity.Tests.E2E.dll" adapterTypeName="executor://xunit/VsTestRunner2/netcoreapp" className="Eventity.Tests.E2E.E2ETests" name="CompleteEventScenario_ShouldWorkEndToEnd" />
    </UnitTest>
  </TestDefinitions>
  <TestEntries>
    <TestEntry testId="21c89fbb-c128-60cd-d5d8-a89b119023ce" executionId="a5d596d9-40c3-46ed-88b0-ea065e33e64d" testListId="8c84fa94-04c1-424b-9868-57a2d4851a1d" />
    <TestEntry testId="6997d790-999d-144e-74ee-1a0c8a4e3a1c" executionId="11f5768d-0828-4166-8072-a11af694d6a4" testListId="8c84fa94-04c1-424b-9868-57a2d4851a1d" />
    <TestEntry testId="415ba134-e204-fb07-82d1-c7cab7088be2" executionId="21cc69a6-de4a-4d4d-88e8-c7a83b16e477" testListId="8c84fa94-04c1-424b-9868-57a2d4851a1d" />
    <TestEntry testId="4c6705ae-9057-fbbc-b752-aa9c75023c80" executionId="f73890d7-739b-4368-bc85-e4112a95de63" testListId="8c84fa94-04c1-424b-9868-57a2d4851a1d" />
  </TestEntries>
  <TestLists>
    <TestList name="Results Not in a List" id="8c84fa94-04c1-424b-9868-57a2d4851a1d" />
    <TestList name="All Loaded Results" id="19431567-8539-422a-85d7-44ee4e166bda" />
  </TestLists>
  <ResultSummary outcome="Failed">
    <Counters total="4" executed="4" passed="1" failed="3" error="0" timeout="0" aborted="0" inconclusive="0" passedButRunAborted="0" notRunnable="0" notExecuted="0" disconnected="0" warning="0" completed="0" inProgress="0" pending="0" />
    <Output>
      <StdOut>[xUnit.net 00:00:00.00] xUnit.net VSTest Adapter v2.5.6+bf9b858c26 (64-bit .NET 6.0.36)
[xUnit.net 00:00:00.56] XunitTestRunner's Void .ctor(Xunit.Abstractions.ITest, Xunit.Sdk.IMessageBus, System.Type, System.Object[], System.Reflection.MethodInfo, System.Object[], System.String, System.Collections.Generic.IReadOnlyList`1[Xunit.Sdk.BeforeAfterTestAttribute], Xunit.Sdk.ExceptionAggregator, System.Threading.CancellationTokenSource) has been patched
[xUnit.net 00:00:00.65] Allure reporter enabled
[xUnit.net 00:00:00.70] Patching is skipped: Xunit is already patched
[xUnit.net 00:00:00.71] Allure reporter enabled
[xUnit.net 00:00:00.81]   Discovering: Eventity.Tests.E2E
[xUnit.net 00:00:00.87]   Discovered:  Eventity.Tests.E2E
[xUnit.net 00:00:00.88]   Starting:    Eventity.Tests.E2E
[xUnit.net 00:00:02.36]       Expected createEventResponse.StatusCode to be HttpStatusCode.Created {value: 201}, but found HttpStatusCode.BadRequest {value: 400}.
[xUnit.net 00:00:02.36]       Stack Trace:
[xUnit.net 00:00:02.36]            at FluentAssertions.Execution.LateBoundTestFramework.Throw(String message)
[xUnit.net 00:00:02.36]            at FluentAssertions.Execution.DefaultAssertionStrategy.HandleFailure(String message)
[xUnit.net 00:00:02.36]            at FluentAssertions.Execution.AssertionScope.AddPreFormattedFailure(String formattedFailureMessage)
[xUnit.net 00:00:02.36]            at FluentAssertions.Execution.AssertionChain.FailWith(Func`1 getFailureReason)
[xUnit.net 00:00:02.36]            at FluentAssertions.Execution.AssertionChain.FailWith(Func`1 getFailureReason)
[xUnit.net 00:00:02.36]            at FluentAssertions.Execution.AssertionChain.FailWith(String message, Object[] args)
[xUnit.net 00:00:02.36]            at FluentAssertions.Primitives.EnumAssertions`2.Be(TEnum expected, String because, Object[] becauseArgs)
[xUnit.net 00:00:02.36]         /src/Eventity.Tests.E2E/E2ETest.cs(289,0): at Eventity.Tests.E2E.E2ETests.EventCreation_ShouldSyncCalendarAndReminders()
[xUnit.net 00:00:02.36]         --- End of stack trace from previous location ---
[xUnit.net 00:00:02.47]       Expected createEventResponse.StatusCode to be HttpStatusCode.Created {value: 201}, but found HttpStatusCode.BadRequest {value: 400}.
[xUnit.net 00:00:02.47]       Stack Trace:
[xUnit.net 00:00:02.47]            at FluentAssertions.Execution.LateBoundTestFramework.Throw(String message)
[xUnit.net 00:00:02.47]            at FluentAssertions.Execution.DefaultAssertionStrategy.HandleFailure(String message)
[xUnit.net 00:00:02.47]            at FluentAssertions.Execution.AssertionScope.AddPreFormattedFailure(String formattedFailureMessage)
[xUnit.net 00:00:02.47]            at FluentAssertions.Execution.AssertionChain.FailWith(Func`1 getFailureReason)
[xUnit.net 00:00:02.47]            at FluentAssertions.Execution.AssertionChain.FailWith(Func`1 getFailureReason)
[xUnit.net 00:00:02.47]            at FluentAssertions.Execution.AssertionChain.FailWith(String message, Object[] args)
[xUnit.net 00:00:02.47]            at FluentAssertions.Primitives.EnumAssertions`2.Be(TEnum expected, String because, Object[] becauseArgs)
[xUnit.net 00:00:02.47]         /src/Eventity.Tests.E2E/E2ETest.cs(98,0): at Eventity.Tests.E2E.E2ETests.CompleteEventScenario_ShouldWorkEndToEnd()
[xUnit.net 00:00:02.47]         --- End of stack trace from previous location ---
[xUnit.net 00:00:02.50]       Expected createEventResponse.StatusCode to be HttpStatusCode.Created {value: 201}, but found HttpStatusCode.BadRequest {value: 400}.
[xUnit.net 00:00:02.50]       Stack Trace:
[xUnit.net 00:00:02.50]            at FluentAssertions.Execution.LateBoundTestFramework.Throw(String message)
[xUnit.net 00:00:02.50]            at FluentAssertions.Execution.DefaultAssertionStrategy.HandleFailure(String message)
[xUnit.net 00:00:02.50]            at FluentAssertions.Execution.AssertionScope.AddPreFormattedFailure(String formattedFailureMessage)
[xUnit.net 00:00:02.50]            at FluentAssertions.Execution.AssertionChain.FailWith(Func`1 getFailureReason)
[xUnit.net 00:00:02.50]            at FluentAssertions.Execution.AssertionChain.FailWith(Func`1 getFailureReason)
[xUnit.net 00:00:02.50]            at FluentAssertions.Execution.AssertionChain.FailWith(String message, Object[] args)
[xUnit.net 00:00:02.50]            at FluentAssertions.Primitives.EnumAssertions`2.Be(TEnum expected, String because, Object[] becauseArgs)
[xUnit.net 00:00:02.50]         /src/Eventity.Tests.E2E/E2ETest.cs(186,0): at Eventity.Tests.E2E.E2ETests.EventCreationAndManagement_ShouldHandleMultipleParticipants()
[xUnit.net 00:00:02.50]         --- End of stack trace from previous location ---
[xUnit.net 00:00:02.58]   Finished:    Eventity.Tests.E2E
</StdOut>
    </Output>
    <RunInfos>
      <RunInfo computerName="cc7884f5f6b6" outcome="Error" timestamp="2026-01-11T21:38:14.7819312+00:00">
        <Text>[xUnit.net 00:00:02.36]     Eventity.Tests.E2E.E2ETests.EventCreation_ShouldSyncCalendarAndReminders [FAIL]</Text>
      </RunInfo>
      <RunInfo computerName="cc7884f5f6b6" outcome="Error" timestamp="2026-01-11T21:38:14.8909615+00:00">
        <Text>[xUnit.net 00:00:02.47]     Eventity.Tests.E2E.E2ETests.CompleteEventScenario_ShouldWorkEndToEnd [FAIL]</Text>
      </RunInfo>
      <RunInfo computerName="cc7884f5f6b6" outcome="Error" timestamp="2026-01-11T21:38:14.9289179+00:00">
        <Text>[xUnit.net 00:00:02.50]     Eventity.Tests.E2E.E2ETests.EventCreationAndManagement_ShouldHandleMultipleParticipants [FAIL]</Text>
      </RunInfo>
    </RunInfos>
  </ResultSummary>
</TestRun>