<?xml version="1.0" encoding="utf-8"?>
<TestRun id="c0151b69-247c-4530-9ffb-afdbc6c25938" name="@cc7884f5f6b6 2026-01-11 21:56:58" xmlns="http://microsoft.com/schemas/VisualStudio/TeamTest/2010">
  <Times creation="2026-01-11T21:56:58.5192484+00:00" queuing="2026-01-11T21:56:58.5192485+00:00" start="2026-01-11T21:56:55.3135115+00:00" finish="2026-01-11T21:56:58.5332245+00:00" />
  <TestSettings name="default" id="c5d9cc3f-cbf6-4f76-b6cb-e2f53481df15">
    <Deployment runDeploymentRoot="_cc7884f5f6b6_2026-01-11_21_56_58" />
  </TestSettings>
  <Results>
    <UnitTestResult executionId="98f0614e-40a7-4188-b4de-90e448fad082" testId="6997d790-999d-144e-74ee-1a0c8a4e3a1c" testName="Eventity.Tests.E2E.E2ETests.EventCreation_ShouldSyncCalendarAndReminders" computerName="cc7884f5f6b6" duration="00:00:01.0269965" startTime="2026-01-11T21:56:58.2338518+00:00" endTime="2026-01-11T21:56:58.2338789+00:00" testType="13cdc9d9-ddb5-4fa4-a97d-d965ccfc6d4b" outcome="Failed" testListId="8c84fa94-04c1-424b-9868-57a2d4851a1d" relativeResultsDirectory="98f0614e-40a7-4188-b4de-90e448fad082">
      <Output>
        <ErrorInfo>
          <Message>Expected 201 Created, got 400 BadRequest. Body: {"title":"Event creation failed","status":400,"detail":"Failed to create event"}</Message>
          <StackTrace>   at Eventity.Tests.E2E.E2ETests.AssertCreatedOrDumpAsync(HttpResponseMessage response) in /src/Eventity.Tests.E2E/E2ETest.cs:line 364
   at Eventity.Tests.E2E.E2ETests.EventCreation_ShouldSyncCalendarAndReminders() in /src/Eventity.Tests.E2E/E2ETest.cs:line 289
--- End of stack trace from previous location ---</StackTrace>
        </ErrorInfo>
      </Output>
    </UnitTestResult>
    <UnitTestResult executionId="f0d72a35-5d92-4fd8-ba3f-70e78a980a1b" testId="4c6705ae-9057-fbbc-b752-aa9c75023c80" testName="Eventity.Tests.E2E.E2ETests.EventCreationAndManagement_ShouldHandleMultipleParticipants" computerName="cc7884f5f6b6" duration="00:00:00.0180912" startTime="2026-01-11T21:56:58.3523098+00:00" endTime="2026-01-11T21:56:58.3523098+00:00" testType="13cdc9d9-ddb5-4fa4-a97d-d965ccfc6d4b" outcome="Failed" testListId="8c84fa94-04c1-424b-9868-57a2d4851a1d" relativeResultsDirectory="f0d72a35-5d92-4fd8-ba3f-70e78a980a1b">
      <Output>
        <ErrorInfo>
          <Message>Expected 201 Created, got 400 BadRequest. Body: {"title":"Event creation failed","status":400,"detail":"Failed to create event"}</Message>
          <StackTrace>   at Eventity.Tests.E2E.E2ETests.AssertCreatedOrDumpAsync(HttpResponseMessage response) in /src/Eventity.Tests.E2E/E2ETest.cs:line 364
   at Eventity.Tests.E2E.E2ETests.EventCreationAndManagement_ShouldHandleMultipleParticipants() in /src/Eventity.Tests.E2E/E2ETest.cs:line 186
--- End of stack trace from previous location ---</StackTrace>
        </ErrorInfo>
      </Output>
    </UnitTestResult>
    <UnitTestResult executionId="53aed4fd-5575-47a3-af6b-640efdaddc72" testId="415ba134-e204-fb07-82d1-c7cab7088be2" testName="Eventity.Tests.E2E.E2ETests.UserRegistrationAndLogin_ShouldWorkCorrectly" computerName="cc7884f5f6b6" duration="00:00:00.0242821" startTime="2026-01-11T21:56:58.3904283+00:00" endTime="2026-01-11T21:56:58.3904284+00:00" testType="13cdc9d9-ddb5-4fa4-a97d-d965ccfc6d4b" outcome="Passed" testListId="8c84fa94-04c1-424b-9868-57a2d4851a1d" relativeResultsDirectory="53aed4fd-5575-47a3-af6b-640efdaddc72" />
    <UnitTestResult executionId="fbecc430-4c9f-4ddf-82b6-585dc9a1acc7" testId="21c89fbb-c128-60cd-d5d8-a89b119023ce" testName="Eventity.Tests.E2E.E2ETests.CompleteEventScenario_ShouldWorkEndToEnd" computerName="cc7884f5f6b6" duration="00:00:00.0404401" startTime="2026-01-11T21:56:58.3193468+00:00" endTime="2026-01-11T21:56:58.3193468+00:00" testType="13cdc9d9-ddb5-4fa4-a97d-d965ccfc6d4b" outcome="Failed" testListId="8c84fa94-04c1-424b-9868-57a2d4851a1d" relativeResultsDirectory="fbecc430-4c9f-4ddf-82b6-585dc9a1acc7">
      <Output>
        <ErrorInfo>
          <Message>Expected 201 Created, got 400 BadRequest. Body: {"title":"Event creation failed","status":400,"detail":"Failed to create event"}</Message>
          <StackTrace>   at Eventity.Tests.E2E.E2ETests.AssertCreatedOrDumpAsync(HttpResponseMessage response) in /src/Eventity.Tests.E2E/E2ETest.cs:line 364
   at Eventity.Tests.E2E.E2ETests.CompleteEventScenario_ShouldWorkEndToEnd() in /src/Eventity.Tests.E2E/E2ETest.cs:line 98
--- End of stack trace from previous location ---</StackTrace>
        </ErrorInfo>
      </Output>
    </UnitTestResult>
  </Results>
  <TestDefinitions>
    <UnitTest name="Eventity.Tests.E2E.E2ETests.UserRegistrationAndLogin_ShouldWorkCorrectly" storage="/src/eventity.tests.e2e/bin/debug/net6.0/eventity.tests.e2e.dll" id="415ba134-e204-fb07-82d1-c7cab7088be2">
      <Execution id="53aed4fd-5575-47a3-af6b-640efdaddc72" />
      <TestMethod codeBase="/src/Eventity.Tests.E2E/bin/Debug/net6.0/Eventity.Tests.E2E.dll" adapterTypeName="executor://xunit/VsTestRunner2/netcoreapp" className="Eventity.Tests.E2E.E2ETests" name="UserRegistrationAndLogin_ShouldWorkCorrectly" />
    </UnitTest>
    <UnitTest name="Eventity.Tests.E2E.E2ETests.EventCreation_ShouldSyncCalendarAndReminders" storage="/src/eventity.tests.e2e/bin/debug/net6.0/eventity.tests.e2e.dll" id="6997d790-999d-144e-74ee-1a0c8a4e3a1c">
      <Execution id="98f0614e-40a7-4188-b4de-90e448fad082" />
      <TestMethod codeBase="/src/Eventity.Tests.E2E/bin/Debug/net6.0/Eventity.Tests.E2E.dll" adapterTypeName="executor://xunit/VsTestRunner2/netcoreapp" className="Eventity.Tests.E2E.E2ETests" name="EventCreation_ShouldSyncCalendarAndReminders" />
    </UnitTest>
    <UnitTest name="Eventity.Tests.E2E.E2ETests.EventCreationAndManagement_ShouldHandleMultipleParticipants" storage="/src/eventity.tests.e2e/bin/debug/net6.0/eventity.tests.e2e.dll" id="4c6705ae-9057-fbbc-b752-aa9c75023c80">
      <Execution id="f0d72a35-5d92-4fd8-ba3f-70e78a980a1b" />
      <TestMethod codeBase="/src/Eventity.Tests.E2E/bin/Debug/net6.0/Eventity.Tests.E2E.dll" adapterTypeName="executor://xunit/VsTestRunner2/netcoreapp" className="Eventity.Tests.E2E.E2ETests" name="EventCreationAndManagement_ShouldHandleMultipleParticipants" />
    </UnitTest>
    <UnitTest name="Eventity.Tests.E2E.E2ETests.CompleteEventScenario_ShouldWorkEndToEnd" storage="/src/eventity.tests.e2e/bin/debug/net6.0/eventity.tests.e2e.dll" id="21c89fbb-c128-60cd-d5d8-a89b119023ce">
      <Execution id="fbecc430-4c9f-4ddf-82b6-585dc9a1acc7" />
      <TestMethod codeBase="/src/Eventity.Tests.E2E/bin/Debug/net6.0/Eventity.Tests.E2E.dll" adapterTypeName="executor://xunit/VsTestRunner2/netcoreapp" className="Eventity.Tests.E2E.E2ETests" name="CompleteEventScenario_ShouldWorkEndToEnd" />
    </UnitTest>
  </TestDefinitions>
  <TestEntries>
    <TestEntry testId="6997d790-999d-144e-74ee-1a0c8a4e3a1c" executionId="98f0614e-40a7-4188-b4de-90e448fad082" testListId="8c84fa94-04c1-424b-9868-57a2d4851a1d" />
    <TestEntry testId="4c6705ae-9057-fbbc-b752-aa9c75023c80" executionId="f0d72a35-5d92-4fd8-ba3f-70e78a980a1b" testListId="8c84fa94-04c1-424b-9868-57a2d4851a1d" />
    <TestEntry testId="415ba134-e204-fb07-82d1-c7cab7088be2" executionId="53aed4fd-5575-47a3-af6b-640efdaddc72" testListId="8c84fa94-04c1-424b-9868-57a2d4851a1d" />
    <TestEntry testId="21c89fbb-c128-60cd-d5d8-a89b119023ce" executionId="fbecc430-4c9f-4ddf-82b6-585dc9a1acc7" testListId="8c84fa94-04c1-424b-9868-57a2d4851a1d" />
  </TestEntries>
  <TestLists>
    <TestList name="Results Not in a List" id="8c84fa94-04c1-424b-9868-57a2d4851a1d" />
    <TestList name="All Loaded Results" id="19431567-8539-422a-85d7-44ee4e166bda" />
  </TestLists>
  <ResultSummary outcome="Failed">
    <Counters total="4" executed="4" passed="1" failed="3" error="0" timeout="0" aborted="0" inconclusive="0" passedButRunAborted="0" notRunnable="0" notExecuted="0" disconnected="0" warning="0" completed="0" inProgress="0" pending="0" />
    <Output>
      <StdOut>[xUnit.net 00:00:00.00] xUnit.net VSTest Adapter v2.5.6+bf9b858c26 (64-bit .NET 6.0.36)
[xUnit.net 00:00:00.63] XunitTestRunner's Void .ctor(Xunit.Abstractions.ITest, Xunit.Sdk.IMessageBus, System.Type, System.Object[], System.Reflection.MethodInfo, System.Object[], System.String, System.Collections.Generic.IReadOnlyList`1[Xunit.Sdk.BeforeAfterTestAttribute], Xunit.Sdk.ExceptionAggregator, System.Threading.CancellationTokenSource) has been patched
[xUnit.net 00:00:00.72] Allure reporter enabled
[xUnit.net 00:00:00.77] Patching is skipped: Xunit is already patched
[xUnit.net 00:00:00.78] Allure reporter enabled
[xUnit.net 00:00:00.86]   Discovering: Eventity.Tests.E2E
[xUnit.net 00:00:00.91]   Discovered:  Eventity.Tests.E2E
[xUnit.net 00:00:00.91]   Starting:    Eventity.Tests.E2E
[xUnit.net 00:00:02.05]       Expected 201 Created, got 400 BadRequest. Body: {"title":"Event creation failed","status":400,"detail":"Failed to create event"}
[xUnit.net 00:00:02.05]       Stack Trace:
[xUnit.net 00:00:02.06]         /src/Eventity.Tests.E2E/E2ETest.cs(364,0): at Eventity.Tests.E2E.E2ETests.AssertCreatedOrDumpAsync(HttpResponseMessage response)
[xUnit.net 00:00:02.06]         /src/Eventity.Tests.E2E/E2ETest.cs(289,0): at Eventity.Tests.E2E.E2ETests.EventCreation_ShouldSyncCalendarAndReminders()
[xUnit.net 00:00:02.06]         --- End of stack trace from previous location ---
[xUnit.net 00:00:02.14]       Expected 201 Created, got 400 BadRequest. Body: {"title":"Event creation failed","status":400,"detail":"Failed to create event"}
[xUnit.net 00:00:02.14]       Stack Trace:
[xUnit.net 00:00:02.14]         /src/Eventity.Tests.E2E/E2ETest.cs(364,0): at Eventity.Tests.E2E.E2ETests.AssertCreatedOrDumpAsync(HttpResponseMessage response)
[xUnit.net 00:00:02.14]         /src/Eventity.Tests.E2E/E2ETest.cs(98,0): at Eventity.Tests.E2E.E2ETests.CompleteEventScenario_ShouldWorkEndToEnd()
[xUnit.net 00:00:02.14]         --- End of stack trace from previous location ---
[xUnit.net 00:00:02.18]       Expected 201 Created, got 400 BadRequest. Body: {"title":"Event creation failed","status":400,"detail":"Failed to create event"}
[xUnit.net 00:00:02.18]       Stack Trace:
[xUnit.net 00:00:02.18]         /src/Eventity.Tests.E2E/E2ETest.cs(364,0): at Eventity.Tests.E2E.E2ETests.AssertCreatedOrDumpAsync(HttpResponseMessage response)
[xUnit.net 00:00:02.18]         /src/Eventity.Tests.E2E/E2ETest.cs(186,0): at Eventity.Tests.E2E.E2ETests.EventCreationAndManagement_ShouldHandleMultipleParticipants()
[xUnit.net 00:00:02.18]         --- End of stack trace from previous location ---
[xUnit.net 00:00:02.24]   Finished:    Eventity.Tests.E2E
</StdOut>
    </Output>
    <RunInfos>
      <RunInfo computerName="cc7884f5f6b6" outcome="Error" timestamp="2026-01-11T21:56:58.2271884+00:00">
        <Text>[xUnit.net 00:00:02.05]     Eventity.Tests.E2E.E2ETests.EventCreation_ShouldSyncCalendarAndReminders [FAIL]</Text>
      </RunInfo>
      <RunInfo computerName="cc7884f5f6b6" outcome="Error" timestamp="2026-01-11T21:56:58.3192373+00:00">
        <Text>[xUnit.net 00:00:02.14]     Eventity.Tests.E2E.E2ETests.CompleteEventScenario_ShouldWorkEndToEnd [FAIL]</Text>
      </RunInfo>
      <RunInfo computerName="cc7884f5f6b6" outcome="Error" timestamp="2026-01-11T21:56:58.3523342+00:00">
        <Text>[xUnit.net 00:00:02.18]     Eventity.Tests.E2E.E2ETests.EventCreationAndManagement_ShouldHandleMultipleParticipants [FAIL]</Text>
      </RunInfo>
    </RunInfos>
  </ResultSummary>
</TestRun>