<?xml version="1.0" encoding="utf-8"?>
<TestRun id="b0905abe-11fd-4314-ace1-4003e05674c1" name="@ed4b1ecb2cdc 2026-01-11 23:05:07" xmlns="http://microsoft.com/schemas/VisualStudio/TeamTest/2010">
  <Times creation="2026-01-11T23:05:07.7974455+00:00" queuing="2026-01-11T23:05:07.7974457+00:00" start="2026-01-11T23:04:53.5590797+00:00" finish="2026-01-11T23:05:08.4900082+00:00" />
  <TestSettings name="default" id="f46e4269-7db1-4084-a12b-7f258df7615f">
    <Deployment runDeploymentRoot="_ed4b1ecb2cdc_2026-01-11_23_05_07" />
  </TestSettings>
  <Results>
    <UnitTestResult executionId="8877adee-fd6f-49fd-8bde-48f374f9722d" testId="415ba134-e204-fb07-82d1-c7cab7088be2" testName="Eventity.Tests.E2E.E2ETests.UserRegistrationAndLogin_ShouldWorkCorrectly" computerName="ed4b1ecb2cdc" duration="00:00:00.0393193" startTime="2026-01-11T23:05:08.3478267+00:00" endTime="2026-01-11T23:05:08.3478269+00:00" testType="13cdc9d9-ddb5-4fa4-a97d-d965ccfc6d4b" outcome="Passed" testListId="8c84fa94-04c1-424b-9868-57a2d4851a1d" relativeResultsDirectory="8877adee-fd6f-49fd-8bde-48f374f9722d" />
    <UnitTestResult executionId="e8de61ab-0eef-4d6b-977e-8a412d7f2e50" testId="6997d790-999d-144e-74ee-1a0c8a4e3a1c" testName="Eventity.Tests.E2E.E2ETests.EventCreation_ShouldSyncCalendarAndReminders" computerName="ed4b1ecb2cdc" duration="00:00:06.7316500" startTime="2026-01-11T23:05:07.7035957+00:00" endTime="2026-01-11T23:05:07.7036775+00:00" testType="13cdc9d9-ddb5-4fa4-a97d-d965ccfc6d4b" outcome="Passed" testListId="8c84fa94-04c1-424b-9868-57a2d4851a1d" relativeResultsDirectory="e8de61ab-0eef-4d6b-977e-8a412d7f2e50" />
    <UnitTestResult executionId="08178993-5991-4dca-982d-27e9b424999a" testId="21c89fbb-c128-60cd-d5d8-a89b119023ce" testName="Eventity.Tests.E2E.E2ETests.CompleteEventScenario_ShouldWorkEndToEnd" computerName="ed4b1ecb2cdc" duration="00:00:00.3653854" startTime="2026-01-11T23:05:08.1386672+00:00" endTime="2026-01-11T23:05:08.1386673+00:00" testType="13cdc9d9-ddb5-4fa4-a97d-d965ccfc6d4b" outcome="Passed" testListId="8c84fa94-04c1-424b-9868-57a2d4851a1d" relativeResultsDirectory="08178993-5991-4dca-982d-27e9b424999a" />
    <UnitTestResult executionId="a14d27e5-deae-438b-b2ab-6c6efe7c86cc" testId="4c6705ae-9057-fbbc-b752-aa9c75023c80" testName="Eventity.Tests.E2E.E2ETests.EventCreationAndManagement_ShouldHandleMultipleParticipants" computerName="ed4b1ecb2cdc" duration="00:00:00.1474799" startTime="2026-01-11T23:05:08.2929784+00:00" endTime="2026-01-11T23:05:08.2929786+00:00" testType="13cdc9d9-ddb5-4fa4-a97d-d965ccfc6d4b" outcome="Passed" testListId="8c84fa94-04c1-424b-9868-57a2d4851a1d" relativeResultsDirectory="a14d27e5-deae-438b-b2ab-6c6efe7c86cc" />
  </Results>
  <TestDefinitions>
    <UnitTest name="Eventity.Tests.E2E.E2ETests.UserRegistrationAndLogin_ShouldWorkCorrectly" storage="/src/eventity.tests.e2e/bin/debug/net6.0/eventity.tests.e2e.dll" id="415ba134-e204-fb07-82d1-c7cab7088be2">
      <Execution id="8877adee-fd6f-49fd-8bde-48f374f9722d" />
      <TestMethod codeBase="/src/Eventity.Tests.E2E/bin/Debug/net6.0/Eventity.Tests.E2E.dll" adapterTypeName="executor://xunit/VsTestRunner2/netcoreapp" className="Eventity.Tests.E2E.E2ETests" name="UserRegistrationAndLogin_ShouldWorkCorrectly" />
    </UnitTest>
    <UnitTest name="Eventity.Tests.E2E.E2ETests.EventCreation_ShouldSyncCalendarAndReminders" storage="/src/eventity.tests.e2e/bin/debug/net6.0/eventity.tests.e2e.dll" id="6997d790-999d-144e-74ee-1a0c8a4e3a1c">
      <Execution id="e8de61ab-0eef-4d6b-977e-8a412d7f2e50" />
      <TestMethod codeBase="/src/Eventity.Tests.E2E/bin/Debug/net6.0/Eventity.Tests.E2E.dll" adapterTypeName="executor://xunit/VsTestRunner2/netcoreapp" className="Eventity.Tests.E2E.E2ETests" name="EventCreation_ShouldSyncCalendarAndReminders" />
    </UnitTest>
    <UnitTest name="Eventity.Tests.E2E.E2ETests.EventCreationAndManagement_ShouldHandleMultipleParticipants" storage="/src/eventity.tests.e2e/bin/debug/net6.0/eventity.tests.e2e.dll" id="4c6705ae-9057-fbbc-b752-aa9c75023c80">
      <Execution id="a14d27e5-deae-438b-b2ab-6c6efe7c86cc" />
      <TestMethod codeBase="/src/Eventity.Tests.E2E/bin/Debug/net6.0/Eventity.Tests.E2E.dll" adapterTypeName="executor://xunit/VsTestRunner2/netcoreapp" className="Eventity.Tests.E2E.E2ETests" name="EventCreationAndManagement_ShouldHandleMultipleParticipants" />
    </UnitTest>
    <UnitTest name="Eventity.Tests.E2E.E2ETests.CompleteEventScenario_ShouldWorkEndToEnd" storage="/src/eventity.tests.e2e/bin/debug/net6.0/eventity.tests.e2e.dll" id="21c89fbb-c128-60cd-d5d8-a89b119023ce">
      <Execution id="08178993-5991-4dca-982d-27e9b424999a" />
      <TestMethod codeBase="/src/Eventity.Tests.E2E/bin/Debug/net6.0/Eventity.Tests.E2E.dll" adapterTypeName="executor://xunit/VsTestRunner2/netcoreapp" className="Eventity.Tests.E2E.E2ETests" name="CompleteEventScenario_ShouldWorkEndToEnd" />
    </UnitTest>
  </TestDefinitions>
  <TestEntries>
    <TestEntry testId="415ba134-e204-fb07-82d1-c7cab7088be2" executionId="8877adee-fd6f-49fd-8bde-48f374f9722d" testListId="8c84fa94-04c1-424b-9868-57a2d4851a1d" />
    <TestEntry testId="6997d790-999d-144e-74ee-1a0c8a4e3a1c" executionId="e8de61ab-0eef-4d6b-977e-8a412d7f2e50" testListId="8c84fa94-04c1-424b-9868-57a2d4851a1d" />
    <TestEntry testId="21c89fbb-c128-60cd-d5d8-a89b119023ce" executionId="08178993-5991-4dca-982d-27e9b424999a" testListId="8c84fa94-04c1-424b-9868-57a2d4851a1d" />
    <TestEntry testId="4c6705ae-9057-fbbc-b752-aa9c75023c80" executionId="a14d27e5-deae-438b-b2ab-6c6efe7c86cc" testListId="8c84fa94-04c1-424b-9868-57a2d4851a1d" />
  </TestEntries>
  <TestLists>
    <TestList name="Results Not in a List" id="8c84fa94-04c1-424b-9868-57a2d4851a1d" />
    <TestList name="All Loaded Results" id="19431567-8539-422a-85d7-44ee4e166bda" />
  </TestLists>
  <ResultSummary outcome="Completed">
    <Counters total="4" executed="4" passed="4" failed="0" error="0" timeout="0" aborted="0" inconclusive="0" passedButRunAborted="0" notRunnable="0" notExecuted="0" disconnected="0" warning="0" completed="0" inProgress="0" pending="0" />
    <Output>
      <StdOut>[xUnit.net 00:00:00.01] xUnit.net VSTest Adapter v2.5.6+bf9b858c26 (64-bit .NET 6.0.36)
[xUnit.net 00:00:01.12] XunitTestRunner's Void .ctor(Xunit.Abstractions.ITest, Xunit.Sdk.IMessageBus, System.Type, System.Object[], System.Reflection.MethodInfo, System.Object[], System.String, System.Collections.Generic.IReadOnlyList`1[Xunit.Sdk.BeforeAfterTestAttribute], Xunit.Sdk.ExceptionAggregator, System.Threading.CancellationTokenSource) has been patched
[xUnit.net 00:00:01.40] Allure reporter enabled
[xUnit.net 00:00:01.45] Patching is skipped: Xunit is already patched
[xUnit.net 00:00:01.48] Allure reporter enabled
[xUnit.net 00:00:01.60]   Discovering: Eventity.Tests.E2E
[xUnit.net 00:00:01.71]   Discovered:  Eventity.Tests.E2E
[xUnit.net 00:00:01.72]   Starting:    Eventity.Tests.E2E
[xUnit.net 00:00:09.40]   Finished:    Eventity.Tests.E2E
</StdOut>
    </Output>
  </ResultSummary>
</TestRun>