<?xml version="1.0" encoding="utf-8"?>
<TestRun id="d634cfcb-987d-49b8-8c64-2c5bab20765b" name="@MacBook-Pro-Ekaterina 2025-09-16 15:59:18" xmlns="http://microsoft.com/schemas/VisualStudio/TeamTest/2010">
  <Times creation="2025-09-16T15:59:18.9518900+03:00" queuing="2025-09-16T15:59:18.9518900+03:00" start="2025-09-16T15:59:14.6884710+03:00" finish="2025-09-16T15:59:20.6155650+03:00" />
  <TestSettings name="default" id="1345a8f0-d50a-48fc-842e-52e944ed4eed">
    <Deployment runDeploymentRoot="_MacBook-Pro-Ekaterina_2025-09-16_15_59_18" />
  </TestSettings>
  <Results>
    <UnitTestResult executionId="06ef384f-3958-4407-9d4e-f93d9ef17c25" testId="272a6014-175d-8762-f98e-e56fe1667e98" testName="Eventity.Tests.Services.ParticipationServiceTests.GetAllParticipantsByEventId_ShouldThrowParticipationServiceException_WhenNoParticipantsFound" computerName="MacBook-Pro-Ekaterina" duration="00:00:00.0029140" startTime="2025-09-16T15:59:19.1385040+03:00" endTime="2025-09-16T15:59:19.1385040+03:00" testType="13cdc9d9-ddb5-4fa4-a97d-d965ccfc6d4b" outcome="Passed" testListId="8c84fa94-04c1-424b-9868-57a2d4851a1d" relativeResultsDirectory="06ef384f-3958-4407-9d4e-f93d9ef17c25" />
    <UnitTestResult executionId="05a4f6ab-1e01-4f5e-9a74-14f0e82a9633" testId="0a0a3fad-2d95-3f6f-eb08-63a1d1148b70" testName="Eventity.Tests.Services.ParticipationServiceTests.RemoveParticipation_ShouldCallRemoveAsync_WhenParticipationExists" computerName="MacBook-Pro-Ekaterina" duration="00:00:00.0063475" startTime="2025-09-16T15:59:19.2635170+03:00" endTime="2025-09-16T15:59:19.2635170+03:00" testType="13cdc9d9-ddb5-4fa4-a97d-d965ccfc6d4b" outcome="Passed" testListId="8c84fa94-04c1-424b-9868-57a2d4851a1d" relativeResultsDirectory="05a4f6ab-1e01-4f5e-9a74-14f0e82a9633" />
    <UnitTestResult executionId="40950aa9-462f-4982-bc70-48b3ea608883" testId="4b355819-9a06-222d-051f-87afdd1caa7d" testName="Eventity.DataAccess.Tests.Repositories.NotificationRepositoryTests.RemoveAsync_ShouldDeleteNotificationFromDatabase" computerName="MacBook-Pro-Ekaterina" duration="00:00:00.0129706" startTime="2025-09-16T15:59:20.4841230+03:00" endTime="2025-09-16T15:59:20.4841240+03:00" testType="13cdc9d9-ddb5-4fa4-a97d-d965ccfc6d4b" outcome="Passed" testListId="8c84fa94-04c1-424b-9868-57a2d4851a1d" relativeResultsDirectory="40950aa9-462f-4982-bc70-48b3ea608883" />
    <UnitTestResult executionId="0065c11f-1d21-40ea-9cce-6b92052ad839" testId="92f4bc6d-6ce6-69ad-1b8f-a499ecbfb4f3" testName="Eventity.Tests.Services.ParticipationServiceTests.GetParticipationById_ShouldThrowParticipationServiceException_WhenParticipationNotFound" computerName="MacBook-Pro-Ekaterina" duration="00:00:00.0086123" startTime="2025-09-16T15:59:18.9915760+03:00" endTime="2025-09-16T15:59:18.9915760+03:00" testType="13cdc9d9-ddb5-4fa4-a97d-d965ccfc6d4b" outcome="Passed" testListId="8c84fa94-04c1-424b-9868-57a2d4851a1d" relativeResultsDirectory="0065c11f-1d21-40ea-9cce-6b92052ad839" />
    <UnitTestResult executionId="eccf5890-4b42-4b56-b3eb-7e7f194d5d87" testId="4b633a13-0f48-89a2-be9d-35301121f361" testName="Eventity.DataAccess.Tests.Repositories.ParticipationRepositoryTests.RemoveAsync_ShouldRemoveParticipation" computerName="MacBook-Pro-Ekaterina" duration="00:00:00.0150382" startTime="2025-09-16T15:59:20.4825270+03:00" endTime="2025-09-16T15:59:20.4825270+03:00" testType="13cdc9d9-ddb5-4fa4-a97d-d965ccfc6d4b" outcome="Passed" testListId="8c84fa94-04c1-424b-9868-57a2d4851a1d" relativeResultsDirectory="eccf5890-4b42-4b56-b3eb-7e7f194d5d87" />
    <UnitTestResult executionId="f7911fd8-2554-4d23-bad3-655e30fe9cad" testId="71f2cb9b-37a8-7ea8-db62-a57d295f6992" testName="Eventity.Tests.Services.ParticipationServiceTests.GetParticipationById_ShouldReturnParticipation_WhenParticipationExists" computerName="MacBook-Pro-Ekaterina" duration="00:00:00.0024535" startTime="2025-09-16T15:59:19.1743510+03:00" endTime="2025-09-16T15:59:19.1743520+03:00" testType="13cdc9d9-ddb5-4fa4-a97d-d965ccfc6d4b" outcome="Passed" testListId="8c84fa94-04c1-424b-9868-57a2d4851a1d" relativeResultsDirectory="f7911fd8-2554-4d23-bad3-655e30fe9cad" />
    <UnitTestResult executionId="cdeb14ac-b8fa-4bb0-8d66-0cc23606c420" testId="07f085dc-b4c0-3a07-e2fc-cb0ac81fad83" testName="Eventity.Tests.Services.EventServiceTests.GetEventById_Should_Return_Event_If_Exists" computerName="MacBook-Pro-Ekaterina" duration="00:00:00.0059875" startTime="2025-09-16T15:59:19.1586320+03:00" endTime="2025-09-16T15:59:19.1586320+03:00" testType="13cdc9d9-ddb5-4fa4-a97d-d965ccfc6d4b" outcome="Passed" testListId="8c84fa94-04c1-424b-9868-57a2d4851a1d" relativeResultsDirectory="cdeb14ac-b8fa-4bb0-8d66-0cc23606c420" />
    <UnitTestResult executionId="58897878-061d-4769-91c7-3f90f8d45925" testId="54759946-45c6-9462-a8db-a2fa2320e88a" testName="Eventity.UnitTests.DalUnitTests.ConvertersUnitTests.ParticipationConverterTests.ToDb_WhenValidParticipation_ReturnsParticipationDb" computerName="MacBook-Pro-Ekaterina" duration="00:00:00.0167918" startTime="2025-09-16T15:59:18.8138930+03:00" endTime="2025-09-16T15:59:18.8138940+03:00" testType="13cdc9d9-ddb5-4fa4-a97d-d965ccfc6d4b" outcome="Passed" testListId="8c84fa94-04c1-424b-9868-57a2d4851a1d" relativeResultsDirectory="58897878-061d-4769-91c7-3f90f8d45925" />
    <UnitTestResult executionId="5c4abd58-1023-4bb2-9764-9864da419761" testId="659bb98c-8c47-bc61-fb9d-7c7d0b960129" testName="Eventity.Tests.Services.AuthServiceTests.RegisterUser_NewUser_ReturnsAuthResult" computerName="MacBook-Pro-Ekaterina" duration="00:00:00.0037782" startTime="2025-09-16T15:59:19.0484060+03:00" endTime="2025-09-16T15:59:19.0484060+03:00" testType="13cdc9d9-ddb5-4fa4-a97d-d965ccfc6d4b" outcome="Passed" testListId="8c84fa94-04c1-424b-9868-57a2d4851a1d" relativeResultsDirectory="5c4abd58-1023-4bb2-9764-9864da419761" />
    <UnitTestResult executionId="c3a6f301-f8a2-4dca-a03e-eb2f47f2299e" testId="a16974ad-badd-2230-489a-92ba8364f08b" testName="Eventity.DataAccess.Tests.Repositories.UserRepositoryTests.GetByIdAsync_ShouldReturnUser_WhenUserExists" computerName="MacBook-Pro-Ekaterina" duration="00:00:00.2508699" startTime="2025-09-16T15:59:20.4470920+03:00" endTime="2025-09-16T15:59:20.4470920+03:00" testType="13cdc9d9-ddb5-4fa4-a97d-d965ccfc6d4b" outcome="Passed" testListId="8c84fa94-04c1-424b-9868-57a2d4851a1d" relativeResultsDirectory="c3a6f301-f8a2-4dca-a03e-eb2f47f2299e" />
    <UnitTestResult executionId="31a10d89-0b05-40e5-bab3-3fe4282f9643" testId="3cc4a362-f642-33da-e67a-d77581cb9b55" testName="Eventity.DataAccess.Tests.Repositories.ParticipationRepositoryTests.AddAsync_ShouldSaveOrganizerParticipation" computerName="MacBook-Pro-Ekaterina" duration="00:00:00.0025910" startTime="2025-09-16T15:59:20.4615250+03:00" endTime="2025-09-16T15:59:20.4615250+03:00" testType="13cdc9d9-ddb5-4fa4-a97d-d965ccfc6d4b" outcome="Passed" testListId="8c84fa94-04c1-424b-9868-57a2d4851a1d" relativeResultsDirectory="31a10d89-0b05-40e5-bab3-3fe4282f9643" />
    <UnitTestResult executionId="ae34f0b8-c376-4197-a15e-5217d3a7f926" testId="bd727772-c76d-3951-cbeb-e171039d74fe" testName="Eventity.Tests.Services.AuthServiceTests.AuthenticateUser_ValidCredentials_ReturnsAuthResult" computerName="MacBook-Pro-Ekaterina" duration="00:00:00.0042797" startTime="2025-09-16T15:59:19.0418250+03:00" endTime="2025-09-16T15:59:19.0418250+03:00" testType="13cdc9d9-ddb5-4fa4-a97d-d965ccfc6d4b" outcome="Passed" testListId="8c84fa94-04c1-424b-9868-57a2d4851a1d" relativeResultsDirectory="ae34f0b8-c376-4197-a15e-5217d3a7f926" />
    <UnitTestResult executionId="423ef161-9224-4ef4-b200-7018957d33d5" testId="de237835-2305-f1d3-f7db-a481864f1870" testName="Eventity.Tests.Services.ParticipationServiceTests.GetParticipationsByEventId_ShouldThrowParticipationServiceException_WhenNoParticipationsFound" computerName="MacBook-Pro-Ekaterina" duration="00:00:00.0054980" startTime="2025-09-16T15:59:19.1905810+03:00" endTime="2025-09-16T15:59:19.1905820+03:00" testType="13cdc9d9-ddb5-4fa4-a97d-d965ccfc6d4b" outcome="Passed" testListId="8c84fa94-04c1-424b-9868-57a2d4851a1d" relativeResultsDirectory="423ef161-9224-4ef4-b200-7018957d33d5" />
    <UnitTestResult executionId="e6b791b9-e6b5-45f1-9846-3d49968572ec" testId="25546d7d-e30b-f1f8-d021-b03206c0cf2b" testName="Eventity.Tests.Services.ParticipationServiceTests.ChangeParticipationStatus_ShouldReturnUpdatedParticipation_WhenParticipationExists" computerName="MacBook-Pro-Ekaterina" duration="00:00:00.0032042" startTime="2025-09-16T15:59:19.1797550+03:00" endTime="2025-09-16T15:59:19.1797560+03:00" testType="13cdc9d9-ddb5-4fa4-a97d-d965ccfc6d4b" outcome="Passed" testListId="8c84fa94-04c1-424b-9868-57a2d4851a1d" relativeResultsDirectory="e6b791b9-e6b5-45f1-9846-3d49968572ec" />
    <UnitTestResult executionId="cc88ad29-e32d-47e3-ae50-78661057df1a" testId="e407477c-d16b-e7ca-a9b0-e9a4c4dccf4f" testName="Eventity.Tests.Services.NotificationServiceTests.UpdateNotification_ShouldUpdateFields" computerName="MacBook-Pro-Ekaterina" duration="00:00:00.0030496" startTime="2025-09-16T15:59:19.0575220+03:00" endTime="2025-09-16T15:59:19.0575220+03:00" testType="13cdc9d9-ddb5-4fa4-a97d-d965ccfc6d4b" outcome="Passed" testListId="8c84fa94-04c1-424b-9868-57a2d4851a1d" relativeResultsDirectory="cc88ad29-e32d-47e3-ae50-78661057df1a" />
    <UnitTestResult executionId="22301385-2591-430b-9da3-44148280e0da" testId="63033e36-ff39-b205-8e92-c1192c4a4515" testName="Eventity.DataAccess.Tests.Repositories.ParticipationRepositoryTests.AddAsync_ShouldSaveParticipationWithSpecificIds" computerName="MacBook-Pro-Ekaterina" duration="00:00:00.0030815" startTime="2025-09-16T15:59:20.5194240+03:00" endTime="2025-09-16T15:59:20.5194250+03:00" testType="13cdc9d9-ddb5-4fa4-a97d-d965ccfc6d4b" outcome="Passed" testListId="8c84fa94-04c1-424b-9868-57a2d4851a1d" relativeResultsDirectory="22301385-2591-430b-9da3-44148280e0da" />
    <UnitTestResult executionId="a17f13d0-7fc5-4870-bbe9-7882731bbd23" testId="7aabbb3b-0091-237c-8fbc-294c52558675" testName="Eventity.Tests.Services.NotificationServiceTests.AddNotification_ShouldThrow_WhenParticipationNotFound" computerName="MacBook-Pro-Ekaterina" duration="00:00:00.0088833" startTime="2025-09-16T15:59:18.9643750+03:00" endTime="2025-09-16T15:59:18.9643750+03:00" testType="13cdc9d9-ddb5-4fa4-a97d-d965ccfc6d4b" outcome="Passed" testListId="8c84fa94-04c1-424b-9868-57a2d4851a1d" relativeResultsDirectory="a17f13d0-7fc5-4870-bbe9-7882731bbd23" />
    <UnitTestResult executionId="b4211e8a-b8a2-48f8-af71-23194f9943dd" testId="54e19392-7402-0582-6f22-438ce37c4a82" testName="Eventity.Tests.Services.UserServiceTests.UpdateUser_ShouldThrowUserServiceException_WhenUserNotFound" computerName="MacBook-Pro-Ekaterina" duration="00:00:00.0049252" startTime="2025-09-16T15:59:19.0286070+03:00" endTime="2025-09-16T15:59:19.0286070+03:00" testType="13cdc9d9-ddb5-4fa4-a97d-d965ccfc6d4b" outcome="Passed" testListId="8c84fa94-04c1-424b-9868-57a2d4851a1d" relativeResultsDirectory="b4211e8a-b8a2-48f8-af71-23194f9943dd" />
    <UnitTestResult executionId="abe84015-4e79-4d6d-99a6-9f531ecadbac" testId="a28be127-e769-2ea4-c5b5-e4e340cdf7e6" testName="Eventity.Tests.Services.NotificationServiceTests.GetAllNotifications_ShouldReturnList_WhenFound" computerName="MacBook-Pro-Ekaterina" duration="00:00:00.0024501" startTime="2025-09-16T15:59:19.0280460+03:00" endTime="2025-09-16T15:59:19.0280460+03:00" testType="13cdc9d9-ddb5-4fa4-a97d-d965ccfc6d4b" outcome="Passed" testListId="8c84fa94-04c1-424b-9868-57a2d4851a1d" relativeResultsDirectory="abe84015-4e79-4d6d-99a6-9f531ecadbac" />
    <UnitTestResult executionId="cac478cd-bcdf-471d-ab83-ae2ed048b805" testId="0cb994eb-de01-f5e3-d8f7-6a78c557bb0f" testName="Eventity.Tests.Services.ParticipationServiceTests.GetAllParticipations_ShouldReturnParticipations_WhenParticipationsExist" computerName="MacBook-Pro-Ekaterina" duration="00:00:00.0015398" startTime="2025-09-16T15:59:19.1477730+03:00" endTime="2025-09-16T15:59:19.1477730+03:00" testType="13cdc9d9-ddb5-4fa4-a97d-d965ccfc6d4b" outcome="Passed" testListId="8c84fa94-04c1-424b-9868-57a2d4851a1d" relativeResultsDirectory="cac478cd-bcdf-471d-ab83-ae2ed048b805" />
    <UnitTestResult executionId="89babe37-e5e6-4b39-a2ce-4e4a49485e08" testId="fcde5b3d-795a-280f-73f6-4bdefe02d196" testName="Eventity.Tests.Services.UserServiceTests.AddUser_ShouldThrowUserServiceException_WhenRepositoryFails" computerName="MacBook-Pro-Ekaterina" duration="00:00:00.0057443" startTime="2025-09-16T15:59:19.0152930+03:00" endTime="2025-09-16T15:59:19.0152940+03:00" testType="13cdc9d9-ddb5-4fa4-a97d-d965ccfc6d4b" outcome="Passed" testListId="8c84fa94-04c1-424b-9868-57a2d4851a1d" relativeResultsDirectory="89babe37-e5e6-4b39-a2ce-4e4a49485e08" />
    <UnitTestResult executionId="fb51a06f-73f0-4475-9a3c-8ba7852b166e" testId="f202ec4c-efd1-b63e-9bb2-f9a46668349b" testName="Eventity.Tests.Services.NotificationServiceTests.GetNotificationById_ShouldReturnNotification_WhenFound" computerName="MacBook-Pro-Ekaterina" duration="00:00:00.0088873" startTime="2025-09-16T15:59:19.0192210+03:00" endTime="2025-09-16T15:59:19.0192220+03:00" testType="13cdc9d9-ddb5-4fa4-a97d-d965ccfc6d4b" outcome="Passed" testListId="8c84fa94-04c1-424b-9868-57a2d4851a1d" relativeResultsDirectory="fb51a06f-73f0-4475-9a3c-8ba7852b166e" />
    <UnitTestResult executionId="553a84d7-6bff-4cdc-a496-6cf3adb23cbf" testId="870827ae-6bbe-7276-dfd7-3dc4b265e713" testName="Eventity.DataAccess.Tests.Repositories.UserRepositoryTests.AddAsync_ShouldAddUser" computerName="MacBook-Pro-Ekaterina" duration="00:00:01.3230424" startTime="2025-09-16T15:59:20.1941210+03:00" endTime="2025-09-16T15:59:20.1941210+03:00" testType="13cdc9d9-ddb5-4fa4-a97d-d965ccfc6d4b" outcome="Passed" testListId="8c84fa94-04c1-424b-9868-57a2d4851a1d" relativeResultsDirectory="553a84d7-6bff-4cdc-a496-6cf3adb23cbf" />
    <UnitTestResult executionId="55831a52-2d14-4ffe-9ad6-3e29017e3e16" testId="f3fb4f70-67cb-3e40-e071-e0d6c972effe" testName="Eventity.Tests.Services.ParticipationServiceTests.GetAllParticipations_ShouldThrowParticipationServiceException_WhenNoParticipationsFound" computerName="MacBook-Pro-Ekaterina" duration="00:00:00.0076843" startTime="2025-09-16T15:59:19.0073700+03:00" endTime="2025-09-16T15:59:19.0073700+03:00" testType="13cdc9d9-ddb5-4fa4-a97d-d965ccfc6d4b" outcome="Passed" testListId="8c84fa94-04c1-424b-9868-57a2d4851a1d" relativeResultsDirectory="55831a52-2d14-4ffe-9ad6-3e29017e3e16" />
    <UnitTestResult executionId="94a50621-817d-4857-9ce1-ddb02b64f71c" testId="ae687f72-909d-c4c8-d5fe-769c415b1757" testName="Eventity.UnitTests.DalUnitTests.ConvertersUnitTests.EventConverterTests.ToDb_WhenValidEvent_ReturnsEventDb" computerName="MacBook-Pro-Ekaterina" duration="00:00:00.0135916" startTime="2025-09-16T15:59:18.9262820+03:00" endTime="2025-09-16T15:59:18.9262820+03:00" testType="13cdc9d9-ddb5-4fa4-a97d-d965ccfc6d4b" outcome="Passed" testListId="8c84fa94-04c1-424b-9868-57a2d4851a1d" relativeResultsDirectory="94a50621-817d-4857-9ce1-ddb02b64f71c" />
    <UnitTestResult executionId="bcb58d3d-1733-4937-af2d-120f061eefff" testId="2508829f-7904-27d2-ccd6-716666bb4621" testName="Eventity.Tests.Services.ParticipationServiceTests.AddParticipation_ShouldThrowParticipationServiceException_WhenRepositoryFails" computerName="MacBook-Pro-Ekaterina" duration="00:00:00.0044983" startTime="2025-09-16T15:59:19.1692040+03:00" endTime="2025-09-16T15:59:19.1692050+03:00" testType="13cdc9d9-ddb5-4fa4-a97d-d965ccfc6d4b" outcome="Passed" testListId="8c84fa94-04c1-424b-9868-57a2d4851a1d" relativeResultsDirectory="bcb58d3d-1733-4937-af2d-120f061eefff" />
    <UnitTestResult executionId="9bef7af3-c1ff-4824-97e2-3b78e8854ee1" testId="9be134a3-7593-9efb-b04e-d5080e9c6d1d" testName="Eventity.Tests.Services.AuthServiceTests.RegisterUser_AdminRole_CreatesAdminUserSuccessfully" computerName="MacBook-Pro-Ekaterina" duration="00:00:00.0036588" startTime="2025-09-16T15:59:19.0630210+03:00" endTime="2025-09-16T15:59:19.0630220+03:00" testType="13cdc9d9-ddb5-4fa4-a97d-d965ccfc6d4b" outcome="Passed" testListId="8c84fa94-04c1-424b-9868-57a2d4851a1d" relativeResultsDirectory="9bef7af3-c1ff-4824-97e2-3b78e8854ee1" />
    <UnitTestResult executionId="f9fef76b-d33c-4dee-9ab7-8f2c91c6e212" testId="2e690f3e-d42f-02bb-5e26-1656ebf90de1" testName="Eventity.DataAccess.Tests.Repositories.NotificationRepositoryTests.AddAsync_ShouldSaveNotificationToDatabase" computerName="MacBook-Pro-Ekaterina" duration="00:00:00.0179135" startTime="2025-09-16T15:59:20.4681670+03:00" endTime="2025-09-16T15:59:20.4681670+03:00" testType="13cdc9d9-ddb5-4fa4-a97d-d965ccfc6d4b" outcome="Passed" testListId="8c84fa94-04c1-424b-9868-57a2d4851a1d" relativeResultsDirectory="f9fef76b-d33c-4dee-9ab7-8f2c91c6e212" />
    <UnitTestResult executionId="d921b553-c91c-4f9d-9e95-1bda2d4ef358" testId="6264a05f-cbe6-a47b-59b7-36fb91a7089e" testName="Eventity.Tests.Services.AuthServiceTests.RegisterUser_UserAlreadyExists_ThrowsUserAlreadyExistsException" computerName="MacBook-Pro-Ekaterina" duration="00:00:00.0035633" startTime="2025-09-16T15:59:19.0684470+03:00" endTime="2025-09-16T15:59:19.0684470+03:00" testType="13cdc9d9-ddb5-4fa4-a97d-d965ccfc6d4b" outcome="Passed" testListId="8c84fa94-04c1-424b-9868-57a2d4851a1d" relativeResultsDirectory="d921b553-c91c-4f9d-9e95-1bda2d4ef358" />
    <UnitTestResult executionId="d3a344d3-51e6-426a-8e47-36902cfbaa59" testId="653818f8-dac5-8b9c-3ab4-59f3c82729de" testName="Eventity.Tests.Services.UserServiceTests.AddUser_ShouldReturnUser_WhenUserIsCreated" computerName="MacBook-Pro-Ekaterina" duration="00:00:00.0033926" startTime="2025-09-16T15:59:19.0470490+03:00" endTime="2025-09-16T15:59:19.0470490+03:00" testType="13cdc9d9-ddb5-4fa4-a97d-d965ccfc6d4b" outcome="Passed" testListId="8c84fa94-04c1-424b-9868-57a2d4851a1d" relativeResultsDirectory="d3a344d3-51e6-426a-8e47-36902cfbaa59" />
    <UnitTestResult executionId="991ffd4d-83f8-4d6f-8344-0a7a016e2356" testId="bf95c80c-11b4-607b-0228-ff04f87e1426" testName="Eventity.Tests.Services.NotificationServiceTests.UpdateNotification_WithNullValues_ShouldKeepOriginalValues" computerName="MacBook-Pro-Ekaterina" duration="00:00:00.0161106" startTime="2025-09-16T15:59:19.0055480+03:00" endTime="2025-09-16T15:59:19.0055490+03:00" testType="13cdc9d9-ddb5-4fa4-a97d-d965ccfc6d4b" outcome="Passed" testListId="8c84fa94-04c1-424b-9868-57a2d4851a1d" relativeResultsDirectory="991ffd4d-83f8-4d6f-8344-0a7a016e2356" />
    <UnitTestResult executionId="c38960df-465b-4623-8d59-0b2d15347a49" testId="673f38e7-5a92-5423-1a70-717c42d7959f" testName="Eventity.Tests.Services.EventServiceTests.AddEvent_Should_Add_Event_And_Participation" computerName="MacBook-Pro-Ekaterina" duration="00:00:00.0099141" startTime="2025-09-16T15:59:19.1815250+03:00" endTime="2025-09-16T15:59:19.1815260+03:00" testType="13cdc9d9-ddb5-4fa4-a97d-d965ccfc6d4b" outcome="Passed" testListId="8c84fa94-04c1-424b-9868-57a2d4851a1d" relativeResultsDirectory="c38960df-465b-4623-8d59-0b2d15347a49" />
    <UnitTestResult executionId="0419c7d0-a907-4334-9ab1-f5bd374c009d" testId="ac646bd6-414b-e097-44b4-9bf85ec66676" testName="Eventity.UnitTests.DalUnitTests.ConvertersUnitTests.ParticipationConverterTests.ToDomain_WhenValidParticipationDb_ReturnsParticipation" computerName="MacBook-Pro-Ekaterina" duration="00:00:00.0007596" startTime="2025-09-16T15:59:18.8719230+03:00" endTime="2025-09-16T15:59:18.8719230+03:00" testType="13cdc9d9-ddb5-4fa4-a97d-d965ccfc6d4b" outcome="Passed" testListId="8c84fa94-04c1-424b-9868-57a2d4851a1d" relativeResultsDirectory="0419c7d0-a907-4334-9ab1-f5bd374c009d" />
    <UnitTestResult executionId="96a2c8e4-bff4-41df-b5e2-0e79fd5459c9" testId="015628c6-9fc8-60b5-3169-5a7371a01213" testName="Eventity.Tests.Services.ParticipationServiceTests.UpdateParticipation_ShouldReturnUpdatedParticipation_WhenParticipationExists" computerName="MacBook-Pro-Ekaterina" duration="00:00:00.0075091" startTime="2025-09-16T15:59:19.0336970+03:00" endTime="2025-09-16T15:59:19.0336970+03:00" testType="13cdc9d9-ddb5-4fa4-a97d-d965ccfc6d4b" outcome="Passed" testListId="8c84fa94-04c1-424b-9868-57a2d4851a1d" relativeResultsDirectory="96a2c8e4-bff4-41df-b5e2-0e79fd5459c9" />
    <UnitTestResult executionId="b8827104-3dc8-4bac-bd76-13d9b87a7c64" testId="774f93ee-3b32-04e1-629e-6b660eb2d292" testName="Eventity.UnitTests.DalUnitTests.ConvertersUnitTests.NotificationConverterTests.ToDomain_WhenNullNotificationDb_ThrowsNullReferenceException" computerName="MacBook-Pro-Ekaterina" duration="00:00:00.0006708" startTime="2025-09-16T15:59:18.8977210+03:00" endTime="2025-09-16T15:59:18.8977210+03:00" testType="13cdc9d9-ddb5-4fa4-a97d-d965ccfc6d4b" outcome="Passed" testListId="8c84fa94-04c1-424b-9868-57a2d4851a1d" relativeResultsDirectory="b8827104-3dc8-4bac-bd76-13d9b87a7c64" />
    <UnitTestResult executionId="25f7aa93-314e-4fff-8402-15dc82b335d3" testId="c228e323-55db-9447-9371-5935dea21c24" testName="Eventity.UnitTests.DalUnitTests.ConvertersUnitTests.UserConverterTests.ToDomain_WhenValidUserDb_ReturnsUser" computerName="MacBook-Pro-Ekaterina" duration="00:00:00.0078089" startTime="2025-09-16T15:59:18.8791870+03:00" endTime="2025-09-16T15:59:18.8791870+03:00" testType="13cdc9d9-ddb5-4fa4-a97d-d965ccfc6d4b" outcome="Passed" testListId="8c84fa94-04c1-424b-9868-57a2d4851a1d" relativeResultsDirectory="25f7aa93-314e-4fff-8402-15dc82b335d3" />
    <UnitTestResult executionId="93587bf5-5d33-4f48-80d6-22ec32a426d9" testId="d2c5ef81-f990-79ed-4d74-20f2e53de976" testName="Eventity.Tests.Services.EventServiceTests.UpdateEvent_Should_Update_Existing_Event" computerName="MacBook-Pro-Ekaterina" duration="00:00:00.0068001" startTime="2025-09-16T15:59:19.1675250+03:00" endTime="2025-09-16T15:59:19.1675250+03:00" testType="13cdc9d9-ddb5-4fa4-a97d-d965ccfc6d4b" outcome="Passed" testListId="8c84fa94-04c1-424b-9868-57a2d4851a1d" relativeResultsDirectory="93587bf5-5d33-4f48-80d6-22ec32a426d9" />
    <UnitTestResult executionId="741f3872-9994-4d05-b75f-9f9935c9e03d" testId="4976b568-cbeb-f321-0585-56a69f3b2e0a" testName="Eventity.UnitTests.DalUnitTests.ConvertersUnitTests.EventConverterTests.ToDomain_WhenValidEventDb_ReturnsEvent" computerName="MacBook-Pro-Ekaterina" duration="00:00:00.0033178" startTime="2025-09-16T15:59:18.9108680+03:00" endTime="2025-09-16T15:59:18.9108680+03:00" testType="13cdc9d9-ddb5-4fa4-a97d-d965ccfc6d4b" outcome="Passed" testListId="8c84fa94-04c1-424b-9868-57a2d4851a1d" relativeResultsDirectory="741f3872-9994-4d05-b75f-9f9935c9e03d" />
    <UnitTestResult executionId="2c7f3db8-0cc7-4707-962b-e57dcbb72483" testId="43f6cc39-3ddc-52d5-07f6-75dc15016932" testName="Eventity.Tests.Services.UserServiceTests.RemoveUser_ShouldThrowUserServiceException_WhenRepositoryFails" computerName="MacBook-Pro-Ekaterina" duration="00:00:00.0042769" startTime="2025-09-16T15:59:19.0659490+03:00" endTime="2025-09-16T15:59:19.0659500+03:00" testType="13cdc9d9-ddb5-4fa4-a97d-d965ccfc6d4b" outcome="Passed" testListId="8c84fa94-04c1-424b-9868-57a2d4851a1d" relativeResultsDirectory="2c7f3db8-0cc7-4707-962b-e57dcbb72483" />
    <UnitTestResult executionId="65cb47b2-0705-43a7-8b00-013b100309a5" testId="169521a3-2525-c070-0fb4-aea84624d6d4" testName="Eventity.DataAccess.Tests.Repositories.NotificationRepositoryTests.GetByIdAsync_ShouldReturnNotification_WhenExists" computerName="MacBook-Pro-Ekaterina" duration="00:00:01.5757798" startTime="2025-09-16T15:59:20.4471810+03:00" endTime="2025-09-16T15:59:20.4471810+03:00" testType="13cdc9d9-ddb5-4fa4-a97d-d965ccfc6d4b" outcome="Passed" testListId="8c84fa94-04c1-424b-9868-57a2d4851a1d" relativeResultsDirectory="65cb47b2-0705-43a7-8b00-013b100309a5" />
    <UnitTestResult executionId="152cdeaf-62a1-4396-a70d-4048110fe147" testId="a170a873-5efb-eb80-8f1c-241d55f5f365" testName="Eventity.UnitTests.DalUnitTests.ConvertersUnitTests.NotificationConverterTests.ToDb_WhenValidNotification_ReturnsNotificationDb" computerName="MacBook-Pro-Ekaterina" duration="00:00:00.0004409" startTime="2025-09-16T15:59:18.9009820+03:00" endTime="2025-09-16T15:59:18.9009820+03:00" testType="13cdc9d9-ddb5-4fa4-a97d-d965ccfc6d4b" outcome="Passed" testListId="8c84fa94-04c1-424b-9868-57a2d4851a1d" relativeResultsDirectory="152cdeaf-62a1-4396-a70d-4048110fe147" />
    <UnitTestResult executionId="6ed49207-4d05-4478-82e6-6866cc2dcf13" testId="d125d58a-2fc3-88cd-5751-f3ee090179e1" testName="Eventity.Tests.Services.ParticipationServiceTests.GetParticipationsByUserId_ShouldThrowParticipationServiceException_WhenNoParticipationsFound" computerName="MacBook-Pro-Ekaterina" duration="00:00:00.0132204" startTime="2025-09-16T15:59:19.0496080+03:00" endTime="2025-09-16T15:59:19.0496080+03:00" testType="13cdc9d9-ddb5-4fa4-a97d-d965ccfc6d4b" outcome="Passed" testListId="8c84fa94-04c1-424b-9868-57a2d4851a1d" relativeResultsDirectory="6ed49207-4d05-4478-82e6-6866cc2dcf13" />
    <UnitTestResult executionId="5dcc1eb0-ff2d-46a4-9615-3d977e434444" testId="cb6945be-ea78-9829-b889-d64709403f50" testName="Eventity.Tests.Services.AuthServiceTests.AuthenticateUser_OrganizerUser_ReturnsAuthResultWithOrganizerRole" computerName="MacBook-Pro-Ekaterina" duration="00:00:00.0201164" startTime="2025-09-16T15:59:19.0097050+03:00" endTime="2025-09-16T15:59:19.0097050+03:00" testType="13cdc9d9-ddb5-4fa4-a97d-d965ccfc6d4b" outcome="Passed" testListId="8c84fa94-04c1-424b-9868-57a2d4851a1d" relativeResultsDirectory="5dcc1eb0-ff2d-46a4-9615-3d977e434444" />
    <UnitTestResult executionId="bb669c51-3bdb-4510-be44-a641badfad1a" testId="e11fb2b1-2b85-30d4-b08d-cc0dc652727d" testName="Eventity.UnitTests.DalUnitTests.ConvertersUnitTests.ParticipationConverterTests.ToDomain_WhenNullParticipationDb_ThrowsNullReferenceException" computerName="MacBook-Pro-Ekaterina" duration="00:00:00.0006537" startTime="2025-09-16T15:59:18.8923110+03:00" endTime="2025-09-16T15:59:18.8923110+03:00" testType="13cdc9d9-ddb5-4fa4-a97d-d965ccfc6d4b" outcome="Passed" testListId="8c84fa94-04c1-424b-9868-57a2d4851a1d" relativeResultsDirectory="bb669c51-3bdb-4510-be44-a641badfad1a" />
    <UnitTestResult executionId="ee7420dc-265b-434f-9daf-d0233ff04090" testId="6c9592e9-a0f7-32d0-f394-01c44220baae" testName="Eventity.DataAccess.Tests.Repositories.ParticipationRepositoryTests.AddAsync_ShouldSaveAcceptedParticipant" computerName="MacBook-Pro-Ekaterina" duration="00:00:00.0032412" startTime="2025-09-16T15:59:20.4893340+03:00" endTime="2025-09-16T15:59:20.4893340+03:00" testType="13cdc9d9-ddb5-4fa4-a97d-d965ccfc6d4b" outcome="Passed" testListId="8c84fa94-04c1-424b-9868-57a2d4851a1d" relativeResultsDirectory="ee7420dc-265b-434f-9daf-d0233ff04090" />
    <UnitTestResult executionId="551c00ef-48cc-44e9-9c1c-c47b32ffc647" testId="868e2fc2-349c-71f8-0d8b-4e09d7bb67e8" testName="Eventity.Tests.Services.NotificationServiceTests.GetNotificationByParticipationId_ShouldReturnNotification" computerName="MacBook-Pro-Ekaterina" duration="00:00:00.0773628" startTime="2025-09-16T15:59:18.9486810+03:00" endTime="2025-09-16T15:59:18.9486810+03:00" testType="13cdc9d9-ddb5-4fa4-a97d-d965ccfc6d4b" outcome="Passed" testListId="8c84fa94-04c1-424b-9868-57a2d4851a1d" relativeResultsDirectory="551c00ef-48cc-44e9-9c1c-c47b32ffc647" />
    <UnitTestResult executionId="9be50483-a1d3-443e-8fd4-ccb830c626b0" testId="1892e7ae-0829-05b1-1ff3-7ee2aaff4235" testName="Eventity.Tests.Services.UserServiceTests.GetAllUsers_ShouldReturnUsers_WhenUsersExist" computerName="MacBook-Pro-Ekaterina" duration="00:00:00.0048399" startTime="2025-09-16T15:59:19.0403400+03:00" endTime="2025-09-16T15:59:19.0403400+03:00" testType="13cdc9d9-ddb5-4fa4-a97d-d965ccfc6d4b" outcome="Passed" testListId="8c84fa94-04c1-424b-9868-57a2d4851a1d" relativeResultsDirectory="9be50483-a1d3-443e-8fd4-ccb830c626b0" />
    <UnitTestResult executionId="e2b6cdd8-38cd-4639-9ea9-868d58587cc5" testId="d05e420a-d21f-e4a0-7909-09ac6021c1f0" testName="Eventity.Tests.Services.UserServiceTests.GetAllUsers_ShouldThrowUserServiceException_WhenRepositoryFails" computerName="MacBook-Pro-Ekaterina" duration="00:00:00.0020017" startTime="2025-09-16T15:59:19.1124700+03:00" endTime="2025-09-16T15:59:19.1124700+03:00" testType="13cdc9d9-ddb5-4fa4-a97d-d965ccfc6d4b" outcome="Passed" testListId="8c84fa94-04c1-424b-9868-57a2d4851a1d" relativeResultsDirectory="e2b6cdd8-38cd-4639-9ea9-868d58587cc5" />
    <UnitTestResult executionId="1410a1d7-89c5-4748-97c7-4a0d0e1bbfdf" testId="abc51e85-06c6-95bf-8631-63041d69c4cd" testName="Eventity.Tests.Services.ParticipationServiceTests.GetAllLeftParticipantsByEventId_ShouldReturnLeftParticipants_WhenLeftParticipantsExist" computerName="MacBook-Pro-Ekaterina" duration="00:00:00.0039377" startTime="2025-09-16T15:59:19.1563460+03:00" endTime="2025-09-16T15:59:19.1563460+03:00" testType="13cdc9d9-ddb5-4fa4-a97d-d965ccfc6d4b" outcome="Passed" testListId="8c84fa94-04c1-424b-9868-57a2d4851a1d" relativeResultsDirectory="1410a1d7-89c5-4748-97c7-4a0d0e1bbfdf" />
    <UnitTestResult executionId="b88fd67e-d5a2-43c7-ad83-adcc21a5b447" testId="862be7a6-c307-1433-c142-8c52f61f8f70" testName="Eventity.Tests.Services.ParticipationServiceTests.GetAllLeftParticipantsByEventId_ShouldThrowParticipationServiceException_WhenNoLeftParticipantsFound" computerName="MacBook-Pro-Ekaterina" duration="00:00:00.0236141" startTime="2025-09-16T15:59:18.9790570+03:00" endTime="2025-09-16T15:59:18.9790580+03:00" testType="13cdc9d9-ddb5-4fa4-a97d-d965ccfc6d4b" outcome="Passed" testListId="8c84fa94-04c1-424b-9868-57a2d4851a1d" relativeResultsDirectory="b88fd67e-d5a2-43c7-ad83-adcc21a5b447" />
    <UnitTestResult executionId="a68612bf-ca81-4a70-a591-7069c93866a7" testId="c2eed103-7d15-8ee6-23e5-79fdfbf0848a" testName="Eventity.Tests.Services.ParticipationServiceTests.UpdateParticipation_ShouldThrowParticipationServiceException_WhenParticipationNotFound" computerName="MacBook-Pro-Ekaterina" duration="00:00:00.0029277" startTime="2025-09-16T15:59:19.1615520+03:00" endTime="2025-09-16T15:59:19.1615520+03:00" testType="13cdc9d9-ddb5-4fa4-a97d-d965ccfc6d4b" outcome="Passed" testListId="8c84fa94-04c1-424b-9868-57a2d4851a1d" relativeResultsDirectory="a68612bf-ca81-4a70-a591-7069c93866a7" />
    <UnitTestResult executionId="ed64fba6-64ac-4d1d-b519-5826b15702f3" testId="0b999948-6dbe-0500-7598-1292bf31d086" testName="Eventity.DataAccess.Tests.Repositories.EventRepositoryTests.AddAsync_ShouldSaveEvent" computerName="MacBook-Pro-Ekaterina" duration="00:00:01.5368786" startTime="2025-09-16T15:59:20.4471340+03:00" endTime="2025-09-16T15:59:20.4471340+03:00" testType="13cdc9d9-ddb5-4fa4-a97d-d965ccfc6d4b" outcome="Passed" testListId="8c84fa94-04c1-424b-9868-57a2d4851a1d" relativeResultsDirectory="ed64fba6-64ac-4d1d-b519-5826b15702f3" />
    <UnitTestResult executionId="f3d23c29-3b77-4140-8d2f-2d3af3761c1e" testId="5085684b-5fa3-5df0-35ee-697dfa842676" testName="Eventity.UnitTests.DalUnitTests.ConvertersUnitTests.NotificationConverterTests.ToDb_WhenNullNotification_ThrowsNullReferenceException" computerName="MacBook-Pro-Ekaterina" duration="00:00:00.0005520" startTime="2025-09-16T15:59:18.8944470+03:00" endTime="2025-09-16T15:59:18.8944480+03:00" testType="13cdc9d9-ddb5-4fa4-a97d-d965ccfc6d4b" outcome="Passed" testListId="8c84fa94-04c1-424b-9868-57a2d4851a1d" relativeResultsDirectory="f3d23c29-3b77-4140-8d2f-2d3af3761c1e" />
    <UnitTestResult executionId="94355db8-ef82-4abd-883d-76aa5e2fa4b3" testId="ab6dd7f8-e381-8c79-8257-2c2311d2c4a2" testName="Eventity.DataAccess.Tests.Repositories.ParticipationRepositoryTests.UpdateAsync_ShouldUpdateParticipation" computerName="MacBook-Pro-Ekaterina" duration="00:00:01.5852674" startTime="2025-09-16T15:59:20.4565750+03:00" endTime="2025-09-16T15:59:20.4565750+03:00" testType="13cdc9d9-ddb5-4fa4-a97d-d965ccfc6d4b" outcome="Passed" testListId="8c84fa94-04c1-424b-9868-57a2d4851a1d" relativeResultsDirectory="94355db8-ef82-4abd-883d-76aa5e2fa4b3" />
    <UnitTestResult executionId="5e2de129-71b7-414c-93f2-72cac0db13f5" testId="08291182-9aa9-e56a-d1ee-3e88f694b899" testName="Eventity.Tests.Services.AuthServiceTests.AuthenticateUser_AdminUser_ReturnsAuthResultWithAdminRole" computerName="MacBook-Pro-Ekaterina" duration="00:00:00.0084825" startTime="2025-09-16T15:59:19.0232950+03:00" endTime="2025-09-16T15:59:19.0232950+03:00" testType="13cdc9d9-ddb5-4fa4-a97d-d965ccfc6d4b" outcome="Passed" testListId="8c84fa94-04c1-424b-9868-57a2d4851a1d" relativeResultsDirectory="5e2de129-71b7-414c-93f2-72cac0db13f5" />
    <UnitTestResult executionId="d1e25af7-3675-4f1a-8c15-3a6e05e3ae99" testId="5996d759-c563-06e8-52d7-f22648dfbe27" testName="Eventity.Tests.Services.ParticipationServiceTests.RemoveParticipation_ShouldThrowParticipationServiceException_WhenRepositoryFails" computerName="MacBook-Pro-Ekaterina" duration="00:00:00.0060021" startTime="2025-09-16T15:59:19.1216530+03:00" endTime="2025-09-16T15:59:19.1216530+03:00" testType="13cdc9d9-ddb5-4fa4-a97d-d965ccfc6d4b" outcome="Passed" testListId="8c84fa94-04c1-424b-9868-57a2d4851a1d" relativeResultsDirectory="d1e25af7-3675-4f1a-8c15-3a6e05e3ae99" />
    <UnitTestResult executionId="7ca2acfd-dec5-4a6d-8f66-c8a2666b063a" testId="644e8f99-bbdf-565c-2d4b-16ee06e25457" testName="Eventity.Tests.Services.UserServiceTests.UpdateUser_ShouldThrowUserServiceException_WhenRepositoryFails" computerName="MacBook-Pro-Ekaterina" duration="00:00:00.0039149" startTime="2025-09-16T15:59:19.1191190+03:00" endTime="2025-09-16T15:59:19.1191190+03:00" testType="13cdc9d9-ddb5-4fa4-a97d-d965ccfc6d4b" outcome="Passed" testListId="8c84fa94-04c1-424b-9868-57a2d4851a1d" relativeResultsDirectory="7ca2acfd-dec5-4a6d-8f66-c8a2666b063a" />
    <UnitTestResult executionId="0905fe65-8849-4798-9c56-257ad3529cb5" testId="7b490e6d-f06b-d9b7-cf94-5e43643c6d07" testName="Eventity.Tests.Services.ParticipationServiceTests.GetOrganizerByEventId_ShouldReturnOrganizer_WhenOrganizerExists" computerName="MacBook-Pro-Ekaterina" duration="00:00:00.0031785" startTime="2025-09-16T15:59:19.1338300+03:00" endTime="2025-09-16T15:59:19.1338310+03:00" testType="13cdc9d9-ddb5-4fa4-a97d-d965ccfc6d4b" outcome="Passed" testListId="8c84fa94-04c1-424b-9868-57a2d4851a1d" relativeResultsDirectory="0905fe65-8849-4798-9c56-257ad3529cb5" />
    <UnitTestResult executionId="d7cea5b5-8161-410c-b796-a04d53163e3f" testId="c6a5ca1f-2c1a-a16c-6961-f727ea740739" testName="Eventity.Tests.Services.NotificationServiceTests.GetAllNotifications_ShouldThrow_WhenEmpty" computerName="MacBook-Pro-Ekaterina" duration="00:00:00.0071428" startTime="2025-09-16T15:59:18.9832850+03:00" endTime="2025-09-16T15:59:18.9832850+03:00" testType="13cdc9d9-ddb5-4fa4-a97d-d965ccfc6d4b" outcome="Passed" testListId="8c84fa94-04c1-424b-9868-57a2d4851a1d" relativeResultsDirectory="d7cea5b5-8161-410c-b796-a04d53163e3f" />
    <UnitTestResult executionId="c314e86b-c7bd-4652-ae9f-8ff24bad0bdd" testId="1865208a-10a8-53b1-61d6-c68dd54c1147" testName="Eventity.UnitTests.DalUnitTests.ConvertersUnitTests.NotificationConverterTests.ToDomain_WhenValidNotificationDb_ReturnsNotification" computerName="MacBook-Pro-Ekaterina" duration="00:00:00.0056882" startTime="2025-09-16T15:59:18.8774680+03:00" endTime="2025-09-16T15:59:18.8774680+03:00" testType="13cdc9d9-ddb5-4fa4-a97d-d965ccfc6d4b" outcome="Passed" testListId="8c84fa94-04c1-424b-9868-57a2d4851a1d" relativeResultsDirectory="c314e86b-c7bd-4652-ae9f-8ff24bad0bdd" />
    <UnitTestResult executionId="082b4ff5-8eea-45cf-8e50-c76c2666d055" testId="e01837e3-dd85-aff0-0112-1da92974100f" testName="Eventity.Tests.Services.NotificationServiceTests.RemoveNotification_ShouldCallRepository" computerName="MacBook-Pro-Ekaterina" duration="00:00:00.0060403" startTime="2025-09-16T15:59:19.0765160+03:00" endTime="2025-09-16T15:59:19.0765160+03:00" testType="13cdc9d9-ddb5-4fa4-a97d-d965ccfc6d4b" outcome="Passed" testListId="8c84fa94-04c1-424b-9868-57a2d4851a1d" relativeResultsDirectory="082b4ff5-8eea-45cf-8e50-c76c2666d055" />
    <UnitTestResult executionId="e2161ecf-71ac-4ce6-9edc-90429707de22" testId="686b305f-f303-f515-7207-9e87d7d10690" testName="Eventity.Tests.Services.NotificationServiceTests.GetNotificationById_ShouldThrow_WhenNotFound" computerName="MacBook-Pro-Ekaterina" duration="00:00:00.0033542" startTime="2025-09-16T15:59:19.0387690+03:00" endTime="2025-09-16T15:59:19.0387690+03:00" testType="13cdc9d9-ddb5-4fa4-a97d-d965ccfc6d4b" outcome="Passed" testListId="8c84fa94-04c1-424b-9868-57a2d4851a1d" relativeResultsDirectory="e2161ecf-71ac-4ce6-9edc-90429707de22" />
    <UnitTestResult executionId="0e52516a-0dc7-4c3d-a236-ee86d5a4db35" testId="fc6e0a9c-044c-72b4-cf99-b66f4a524669" testName="Eventity.Tests.Services.EventServiceTests.UpdateEvent_Should_Throw_If_Not_Exists" computerName="MacBook-Pro-Ekaterina" duration="00:00:00.0060846" startTime="2025-09-16T15:59:19.1494950+03:00" endTime="2025-09-16T15:59:19.1494960+03:00" testType="13cdc9d9-ddb5-4fa4-a97d-d965ccfc6d4b" outcome="Passed" testListId="8c84fa94-04c1-424b-9868-57a2d4851a1d" relativeResultsDirectory="0e52516a-0dc7-4c3d-a236-ee86d5a4db35" />
    <UnitTestResult executionId="968f93fd-455e-4541-b6f3-f1856649f825" testId="8bf4618a-ca5a-4683-4604-0a715ffa41ae" testName="Eventity.Tests.Services.ParticipationServiceTests.GetAllParticipantsByEventId_ShouldReturnParticipants_WhenParticipantsExist" computerName="MacBook-Pro-Ekaterina" duration="00:00:00.0217358" startTime="2025-09-16T15:59:19.0740890+03:00" endTime="2025-09-16T15:59:19.0740890+03:00" testType="13cdc9d9-ddb5-4fa4-a97d-d965ccfc6d4b" outcome="Passed" testListId="8c84fa94-04c1-424b-9868-57a2d4851a1d" relativeResultsDirectory="968f93fd-455e-4541-b6f3-f1856649f825" />
    <UnitTestResult executionId="4fca60f3-cdc1-4528-9122-204ac4a43ca3" testId="8010b306-08f3-9e9c-b3f7-b94a946bb390" testName="Eventity.DataAccess.Tests.Repositories.EventRepositoryTests.UpdateAsync_ShouldModifyExistingEvent" computerName="MacBook-Pro-Ekaterina" duration="00:00:00.0307354" startTime="2025-09-16T15:59:20.5110850+03:00" endTime="2025-09-16T15:59:20.5110860+03:00" testType="13cdc9d9-ddb5-4fa4-a97d-d965ccfc6d4b" outcome="Passed" testListId="8c84fa94-04c1-424b-9868-57a2d4851a1d" relativeResultsDirectory="4fca60f3-cdc1-4528-9122-204ac4a43ca3" />
    <UnitTestResult executionId="786355f9-b08c-487c-87fb-41de59d6ba74" testId="63fe1282-c03a-d209-72c7-f11b2a932460" testName="Eventity.Tests.Services.EventServiceTests.RemoveEvent_Should_Call_Repository" computerName="MacBook-Pro-Ekaterina" duration="00:00:00.0182846" startTime="2025-09-16T15:59:19.2151310+03:00" endTime="2025-09-16T15:59:19.2151310+03:00" testType="13cdc9d9-ddb5-4fa4-a97d-d965ccfc6d4b" outcome="Passed" testListId="8c84fa94-04c1-424b-9868-57a2d4851a1d" relativeResultsDirectory="786355f9-b08c-487c-87fb-41de59d6ba74" />
    <UnitTestResult executionId="c90b0a99-eb6c-4eac-94f8-67cfd458b5b5" testId="f5ebe786-46f4-ab91-3e8a-054f378a4379" testName="Eventity.Tests.Services.ParticipationServiceTests.ChangeParticipationRole_ShouldReturnUpdatedParticipation_WhenParticipationExists" computerName="MacBook-Pro-Ekaterina" duration="00:00:00.0038000" startTime="2025-09-16T15:59:19.1440980+03:00" endTime="2025-09-16T15:59:19.1440980+03:00" testType="13cdc9d9-ddb5-4fa4-a97d-d965ccfc6d4b" outcome="Passed" testListId="8c84fa94-04c1-424b-9868-57a2d4851a1d" relativeResultsDirectory="c90b0a99-eb6c-4eac-94f8-67cfd458b5b5" />
    <UnitTestResult executionId="2e9516a6-e561-4da6-a5c2-9ed540574cc8" testId="88602829-4027-dd3b-81d5-263b7fe18c34" testName="Eventity.Tests.Services.ParticipationServiceTests.GetOrganizerByEventId_ShouldThrowParticipationServiceException_WhenNoOrganizerFound" computerName="MacBook-Pro-Ekaterina" duration="00:00:00.0085875" startTime="2025-09-16T15:59:19.0192760+03:00" endTime="2025-09-16T15:59:19.0192760+03:00" testType="13cdc9d9-ddb5-4fa4-a97d-d965ccfc6d4b" outcome="Passed" testListId="8c84fa94-04c1-424b-9868-57a2d4851a1d" relativeResultsDirectory="2e9516a6-e561-4da6-a5c2-9ed540574cc8" />
    <UnitTestResult executionId="541729a9-6fa5-4adf-96de-88e6a948dd9f" testId="a868cd3b-44ba-9f01-539d-b407424e2f17" testName="Eventity.DataAccess.Tests.Repositories.ParticipationRepositoryTests.GetByIdAsync_ShouldReturnParticipation_WhenExist" computerName="MacBook-Pro-Ekaterina" duration="00:00:00.0050184" startTime="2025-09-16T15:59:20.5111510+03:00" endTime="2025-09-16T15:59:20.5111510+03:00" testType="13cdc9d9-ddb5-4fa4-a97d-d965ccfc6d4b" outcome="Passed" testListId="8c84fa94-04c1-424b-9868-57a2d4851a1d" relativeResultsDirectory="541729a9-6fa5-4adf-96de-88e6a948dd9f" />
    <UnitTestResult executionId="3838749b-d6b1-445d-8a89-072a3d624e90" testId="0385a36c-5928-2dd6-aaf5-a09f27201241" testName="Eventity.Tests.Services.ParticipationServiceTests.GetParticipationsByEventId_ShouldReturnParticipations_WhenParticipationsExist" computerName="MacBook-Pro-Ekaterina" duration="00:00:00.0035833" startTime="2025-09-16T15:59:19.1978860+03:00" endTime="2025-09-16T15:59:19.1978890+03:00" testType="13cdc9d9-ddb5-4fa4-a97d-d965ccfc6d4b" outcome="Passed" testListId="8c84fa94-04c1-424b-9868-57a2d4851a1d" relativeResultsDirectory="3838749b-d6b1-445d-8a89-072a3d624e90" />
    <UnitTestResult executionId="5495d6d1-4b7e-4c9d-ac45-3e79db130dbd" testId="51e7df2a-46de-8854-bea7-5834d500cf4e" testName="Eventity.Tests.Services.EventServiceTests.GetAllEvents_Should_Return_List_If_Any" computerName="MacBook-Pro-Ekaterina" duration="00:00:00.0217177" startTime="2025-09-16T15:59:19.1176500+03:00" endTime="2025-09-16T15:59:19.1176510+03:00" testType="13cdc9d9-ddb5-4fa4-a97d-d965ccfc6d4b" outcome="Passed" testListId="8c84fa94-04c1-424b-9868-57a2d4851a1d" relativeResultsDirectory="5495d6d1-4b7e-4c9d-ac45-3e79db130dbd" />
    <UnitTestResult executionId="339b6417-74b1-4a06-ae94-401d6e767677" testId="33671ee0-f70c-1a0c-95bc-830b7f4747e8" testName="Eventity.UnitTests.DalUnitTests.ConvertersUnitTests.NotificationConverterTests.ToDomain_WithLongText_ConvertsCorrectly" computerName="MacBook-Pro-Ekaterina" duration="00:00:00.0047362" startTime="2025-09-16T15:59:18.8878960+03:00" endTime="2025-09-16T15:59:18.8878960+03:00" testType="13cdc9d9-ddb5-4fa4-a97d-d965ccfc6d4b" outcome="Passed" testListId="8c84fa94-04c1-424b-9868-57a2d4851a1d" relativeResultsDirectory="339b6417-74b1-4a06-ae94-401d6e767677" />
    <UnitTestResult executionId="520fa256-035a-4350-83b9-3b13ac7abc2e" testId="2de9a30c-3170-520a-a677-48be7e517a5f" testName="Eventity.Tests.Services.UserServiceTests.GetUserById_ShouldThrowUserServiceException_WhenRepositoryFails" computerName="MacBook-Pro-Ekaterina" duration="00:00:00.0811298" startTime="2025-09-16T15:59:18.9525740+03:00" endTime="2025-09-16T15:59:18.9525740+03:00" testType="13cdc9d9-ddb5-4fa4-a97d-d965ccfc6d4b" outcome="Passed" testListId="8c84fa94-04c1-424b-9868-57a2d4851a1d" relativeResultsDirectory="520fa256-035a-4350-83b9-3b13ac7abc2e" />
    <UnitTestResult executionId="b228002a-3e02-410b-90e2-9c4696862ae7" testId="e7a8693f-569d-be6c-d199-3f09510f5e0f" testName="Eventity.UnitTests.DalUnitTests.ConvertersUnitTests.UserConverterTests.ToDb_WhenValidUser_ReturnsUserDb" computerName="MacBook-Pro-Ekaterina" duration="00:00:00.0009562" startTime="2025-09-16T15:59:18.8835880+03:00" endTime="2025-09-16T15:59:18.8835880+03:00" testType="13cdc9d9-ddb5-4fa4-a97d-d965ccfc6d4b" outcome="Passed" testListId="8c84fa94-04c1-424b-9868-57a2d4851a1d" relativeResultsDirectory="b228002a-3e02-410b-90e2-9c4696862ae7" />
    <UnitTestResult executionId="1f07e1c7-10b8-48a2-93a0-b46939045643" testId="24eca1c0-899e-0e01-95b6-f06202dfb3d9" testName="Eventity.Tests.Services.AuthServiceTests.RegisterUser_OrganizerRole_CreatesOrganizerUserSuccessfully" computerName="MacBook-Pro-Ekaterina" duration="00:00:00.0472574" startTime="2025-09-16T15:59:18.9873220+03:00" endTime="2025-09-16T15:59:18.9873220+03:00" testType="13cdc9d9-ddb5-4fa4-a97d-d965ccfc6d4b" outcome="Passed" testListId="8c84fa94-04c1-424b-9868-57a2d4851a1d" relativeResultsDirectory="1f07e1c7-10b8-48a2-93a0-b46939045643" />
    <UnitTestResult executionId="7f773ab3-74cd-419b-8b63-1fe654f28ff8" testId="998ded98-27b5-d225-0c0f-f5022d1f86e2" testName="Eventity.UnitTests.DalUnitTests.ConvertersUnitTests.ParticipationConverterTests.ToDb_WhenNullParticipation_ThrowsNullReferenceException" computerName="MacBook-Pro-Ekaterina" duration="00:00:00.0007829" startTime="2025-09-16T15:59:18.8756510+03:00" endTime="2025-09-16T15:59:18.8756510+03:00" testType="13cdc9d9-ddb5-4fa4-a97d-d965ccfc6d4b" outcome="Passed" testListId="8c84fa94-04c1-424b-9868-57a2d4851a1d" relativeResultsDirectory="7f773ab3-74cd-419b-8b63-1fe654f28ff8" />
    <UnitTestResult executionId="77cc22cc-92d8-4239-b7f6-8ff1843656d4" testId="5eb1fcf5-c912-828b-d94f-d083060379b4" testName="Eventity.Tests.Services.UserServiceTests.GetAllUsers_ShouldThrowUserServiceException_WhenNoUsersFound" computerName="MacBook-Pro-Ekaterina" duration="00:00:00.0015894" startTime="2025-09-16T15:59:19.1061970+03:00" endTime="2025-09-16T15:59:19.1061970+03:00" testType="13cdc9d9-ddb5-4fa4-a97d-d965ccfc6d4b" outcome="Passed" testListId="8c84fa94-04c1-424b-9868-57a2d4851a1d" relativeResultsDirectory="77cc22cc-92d8-4239-b7f6-8ff1843656d4" />
    <UnitTestResult executionId="e8110462-1274-4166-9616-6d3451189951" testId="5e90c5ba-caf2-0898-cdd1-3ffcb3ec780e" testName="Eventity.Tests.Services.ParticipationServiceTests.AddParticipation_ShouldReturnParticipation_WhenParticipationIsCreated" computerName="MacBook-Pro-Ekaterina" duration="00:00:00.0298354" startTime="2025-09-16T15:59:19.2537190+03:00" endTime="2025-09-16T15:59:19.2537190+03:00" testType="13cdc9d9-ddb5-4fa4-a97d-d965ccfc6d4b" outcome="Passed" testListId="8c84fa94-04c1-424b-9868-57a2d4851a1d" relativeResultsDirectory="e8110462-1274-4166-9616-6d3451189951" />
    <UnitTestResult executionId="d379d4e3-e058-471f-86ca-02f88f205cb3" testId="201971f5-6d32-523f-8d5d-61a438fa6cb0" testName="Eventity.Tests.Services.ParticipationServiceTests.ChangeParticipationStatus_ShouldThrowParticipationServiceException_WhenParticipationNotFound" computerName="MacBook-Pro-Ekaterina" duration="00:00:00.0040295" startTime="2025-09-16T15:59:19.1138740+03:00" endTime="2025-09-16T15:59:19.1138740+03:00" testType="13cdc9d9-ddb5-4fa4-a97d-d965ccfc6d4b" outcome="Passed" testListId="8c84fa94-04c1-424b-9868-57a2d4851a1d" relativeResultsDirectory="d379d4e3-e058-471f-86ca-02f88f205cb3" />
    <UnitTestResult executionId="8bc956df-31c3-4791-a366-1a7420c0c3bf" testId="0d32487b-96ef-e661-fda2-b82c0f7c0960" testName="Eventity.Tests.Services.AuthServiceTests.AuthenticateUser_UserNotFound_ThrowsUserNotFoundException" computerName="MacBook-Pro-Ekaterina" duration="00:00:00.0033451" startTime="2025-09-16T15:59:19.0554400+03:00" endTime="2025-09-16T15:59:19.0554400+03:00" testType="13cdc9d9-ddb5-4fa4-a97d-d965ccfc6d4b" outcome="Passed" testListId="8c84fa94-04c1-424b-9868-57a2d4851a1d" relativeResultsDirectory="8bc956df-31c3-4791-a366-1a7420c0c3bf" />
    <UnitTestResult executionId="7efdf7cf-7f86-49d7-addf-bc9efcef33a6" testId="02e7cfc5-8f65-26d7-40a9-155cce04f710" testName="Eventity.UnitTests.DalUnitTests.ConvertersUnitTests.UserConverterTests.ToDb_WhenNullUser_ThrowsNullReferenceException" computerName="MacBook-Pro-Ekaterina" duration="00:00:00.0053964" startTime="2025-09-16T15:59:18.8072020+03:00" endTime="2025-09-16T15:59:18.8072850+03:00" testType="13cdc9d9-ddb5-4fa4-a97d-d965ccfc6d4b" outcome="Passed" testListId="8c84fa94-04c1-424b-9868-57a2d4851a1d" relativeResultsDirectory="7efdf7cf-7f86-49d7-addf-bc9efcef33a6" />
    <UnitTestResult executionId="fa864a0c-7b62-426c-bd14-7f4b65f76dfa" testId="b725c7ec-e34b-546f-2dfe-c5f9ee0718d5" testName="Eventity.Tests.Services.EventServiceTests.GetAllEvents_Should_Throw_If_Empty" computerName="MacBook-Pro-Ekaterina" duration="00:00:00.0043241" startTime="2025-09-16T15:59:19.1920310+03:00" endTime="2025-09-16T15:59:19.1920310+03:00" testType="13cdc9d9-ddb5-4fa4-a97d-d965ccfc6d4b" outcome="Passed" testListId="8c84fa94-04c1-424b-9868-57a2d4851a1d" relativeResultsDirectory="fa864a0c-7b62-426c-bd14-7f4b65f76dfa" />
    <UnitTestResult executionId="eb1403de-4f7f-42c0-8537-75c37f0a7fd7" testId="5b10a76d-6164-a260-6041-734ff671ad77" testName="Eventity.DataAccess.Tests.Repositories.EventRepositoryTests.RemoveAsync_ShouldDeleteEvent" computerName="MacBook-Pro-Ekaterina" duration="00:00:00.0281150" startTime="2025-09-16T15:59:20.4783560+03:00" endTime="2025-09-16T15:59:20.4783560+03:00" testType="13cdc9d9-ddb5-4fa4-a97d-d965ccfc6d4b" outcome="Passed" testListId="8c84fa94-04c1-424b-9868-57a2d4851a1d" relativeResultsDirectory="eb1403de-4f7f-42c0-8537-75c37f0a7fd7" />
    <UnitTestResult executionId="4a05c102-ca91-4b3b-97b6-b9a1ac26caad" testId="2845374f-3954-870c-5f0d-aa35c0d86acd" testName="Eventity.Tests.Services.ParticipationServiceTests.GetParticipationsByUserId_ShouldReturnParticipations_WhenParticipationsExist" computerName="MacBook-Pro-Ekaterina" duration="00:00:00.0449224" startTime="2025-09-16T15:59:18.9486120+03:00" endTime="2025-09-16T15:59:18.9486120+03:00" testType="13cdc9d9-ddb5-4fa4-a97d-d965ccfc6d4b" outcome="Passed" testListId="8c84fa94-04c1-424b-9868-57a2d4851a1d" relativeResultsDirectory="4a05c102-ca91-4b3b-97b6-b9a1ac26caad" />
    <UnitTestResult executionId="ee613adc-52af-44db-b089-e22bb577193c" testId="b7d43b73-0f9d-8df5-f05b-02d8e8f493b3" testName="Eventity.Tests.Services.AuthServiceTests.AuthenticateUser_InvalidPassword_ThrowsInvalidPasswordException" computerName="MacBook-Pro-Ekaterina" duration="00:00:00.0038232" startTime="2025-09-16T15:59:19.0316590+03:00" endTime="2025-09-16T15:59:19.0316590+03:00" testType="13cdc9d9-ddb5-4fa4-a97d-d965ccfc6d4b" outcome="Passed" testListId="8c84fa94-04c1-424b-9868-57a2d4851a1d" relativeResultsDirectory="ee613adc-52af-44db-b089-e22bb577193c" />
    <UnitTestResult executionId="4615c871-67b5-4020-8a6e-4563e5421451" testId="e8237bc1-0da0-8a85-e946-d0e7cfc1e3ac" testName="Eventity.UnitTests.DalUnitTests.ConvertersUnitTests.ParticipationConverterTests.ToDb_WithDifferentRoleAndStatus_ConvertsCorrectly" computerName="MacBook-Pro-Ekaterina" duration="00:00:00.0004383" startTime="2025-09-16T15:59:18.8821010+03:00" endTime="2025-09-16T15:59:18.8821020+03:00" testType="13cdc9d9-ddb5-4fa4-a97d-d965ccfc6d4b" outcome="Passed" testListId="8c84fa94-04c1-424b-9868-57a2d4851a1d" relativeResultsDirectory="4615c871-67b5-4020-8a6e-4563e5421451" />
    <UnitTestResult executionId="2cccc441-8841-483c-9022-fd0bf466f1c6" testId="bcbc8911-e1f4-8756-7327-61b2acd39d9d" testName="Eventity.Tests.Services.UserServiceTests.RemoveUser_ShouldCallRemoveAsync_WhenUserExists" computerName="MacBook-Pro-Ekaterina" duration="00:00:00.0413742" startTime="2025-09-16T15:59:19.0021590+03:00" endTime="2025-09-16T15:59:19.0021600+03:00" testType="13cdc9d9-ddb5-4fa4-a97d-d965ccfc6d4b" outcome="Passed" testListId="8c84fa94-04c1-424b-9868-57a2d4851a1d" relativeResultsDirectory="2cccc441-8841-483c-9022-fd0bf466f1c6" />
    <UnitTestResult executionId="fd7d9060-7978-4977-8677-d07e6b127d26" testId="e9bd0d18-dd25-5093-5339-d895dc5b1096" testName="Eventity.Tests.Services.UserServiceTests.UpdateUser_ShouldReturnUpdatedUser_WhenUserExists" computerName="MacBook-Pro-Ekaterina" duration="00:00:00.0350381" startTime="2025-09-16T15:59:19.1029250+03:00" endTime="2025-09-16T15:59:19.1029250+03:00" testType="13cdc9d9-ddb5-4fa4-a97d-d965ccfc6d4b" outcome="Passed" testListId="8c84fa94-04c1-424b-9868-57a2d4851a1d" relativeResultsDirectory="fd7d9060-7978-4977-8677-d07e6b127d26" />
    <UnitTestResult executionId="523f4489-5c64-4bf0-9357-03fb57872110" testId="0440b2ca-463e-9f7e-7858-d5bf5f369e9e" testName="Eventity.DataAccess.Tests.Repositories.ParticipationRepositoryTests.AddAsync_ShouldAddParticipation" computerName="MacBook-Pro-Ekaterina" duration="00:00:00.0024410" startTime="2025-09-16T15:59:20.4653990+03:00" endTime="2025-09-16T15:59:20.4653990+03:00" testType="13cdc9d9-ddb5-4fa4-a97d-d965ccfc6d4b" outcome="Passed" testListId="8c84fa94-04c1-424b-9868-57a2d4851a1d" relativeResultsDirectory="523f4489-5c64-4bf0-9357-03fb57872110" />
    <UnitTestResult executionId="7732324f-e123-4177-8022-fd21a1941f71" testId="19e3dedf-1356-6f16-1235-ef8df59b4cd3" testName="Eventity.Tests.Services.EventServiceTests.GetEventById_Should_Throw_If_Not_Exists" computerName="MacBook-Pro-Ekaterina" duration="00:00:00.0064387" startTime="2025-09-16T15:59:19.2239310+03:00" endTime="2025-09-16T15:59:19.2239310+03:00" testType="13cdc9d9-ddb5-4fa4-a97d-d965ccfc6d4b" outcome="Passed" testListId="8c84fa94-04c1-424b-9868-57a2d4851a1d" relativeResultsDirectory="7732324f-e123-4177-8022-fd21a1941f71" />
    <UnitTestResult executionId="83f74bf6-165b-463b-9152-f9c87785bb1c" testId="c29c7146-a050-22a0-7dbb-b979d0520aac" testName="Eventity.DataAccess.Tests.Repositories.UserRepositoryTests.RemoveAsync_ShouldRemoveUser_WhenUserExists" computerName="MacBook-Pro-Ekaterina" duration="00:00:00.0680606" startTime="2025-09-16T15:59:20.5182740+03:00" endTime="2025-09-16T15:59:20.5182740+03:00" testType="13cdc9d9-ddb5-4fa4-a97d-d965ccfc6d4b" outcome="Passed" testListId="8c84fa94-04c1-424b-9868-57a2d4851a1d" relativeResultsDirectory="83f74bf6-165b-463b-9152-f9c87785bb1c" />
    <UnitTestResult executionId="924c33ed-d5b3-440d-9a66-cde925fcf4c5" testId="5d9d28f4-3430-338e-3d8e-8e283af1f383" testName="Eventity.Tests.Services.ParticipationServiceTests.ChangeParticipationRole_ShouldThrowParticipationServiceException_WhenParticipationNotFound" computerName="MacBook-Pro-Ekaterina" duration="00:00:00.0291771" startTime="2025-09-16T15:59:19.1074470+03:00" endTime="2025-09-16T15:59:19.1074470+03:00" testType="13cdc9d9-ddb5-4fa4-a97d-d965ccfc6d4b" outcome="Passed" testListId="8c84fa94-04c1-424b-9868-57a2d4851a1d" relativeResultsDirectory="924c33ed-d5b3-440d-9a66-cde925fcf4c5" />
    <UnitTestResult executionId="5c7513b1-3804-4b97-8cb3-5da26358b837" testId="9c172679-e4da-c1c9-e733-0c642e6f832f" testName="Eventity.Tests.Services.EventServiceTests.RemoveEvent_Should_Throw_On_Exception" computerName="MacBook-Pro-Ekaterina" duration="00:00:00.0276210" startTime="2025-09-16T15:59:19.2554790+03:00" endTime="2025-09-16T15:59:19.2554790+03:00" testType="13cdc9d9-ddb5-4fa4-a97d-d965ccfc6d4b" outcome="Passed" testListId="8c84fa94-04c1-424b-9868-57a2d4851a1d" relativeResultsDirectory="5c7513b1-3804-4b97-8cb3-5da26358b837" />
    <UnitTestResult executionId="2dc241cd-8dc7-426b-892b-ca9748737997" testId="9a9ffa1e-93ba-2bef-66c9-3284f1367348" testName="Eventity.UnitTests.DalUnitTests.ConvertersUnitTests.EventConverterTests.ToDb_WhenNullEvent_ThrowsArgumentNullException" computerName="MacBook-Pro-Ekaterina" duration="00:00:00.0011787" startTime="2025-09-16T15:59:18.9049620+03:00" endTime="2025-09-16T15:59:18.9049620+03:00" testType="13cdc9d9-ddb5-4fa4-a97d-d965ccfc6d4b" outcome="Passed" testListId="8c84fa94-04c1-424b-9868-57a2d4851a1d" relativeResultsDirectory="2dc241cd-8dc7-426b-892b-ca9748737997" />
    <UnitTestResult executionId="2e711588-ee1c-490e-b265-bacc9b320200" testId="67c7fc32-83c8-ab3a-8dfe-6779214715b4" testName="Eventity.UnitTests.DalUnitTests.ConvertersUnitTests.NotificationConverterTests.ToDb_WithEmptyText_ConvertsCorrectly" computerName="MacBook-Pro-Ekaterina" duration="00:00:00.0056713" startTime="2025-09-16T15:59:18.8137990+03:00" endTime="2025-09-16T15:59:18.8137990+03:00" testType="13cdc9d9-ddb5-4fa4-a97d-d965ccfc6d4b" outcome="Passed" testListId="8c84fa94-04c1-424b-9868-57a2d4851a1d" relativeResultsDirectory="2e711588-ee1c-490e-b265-bacc9b320200" />
    <UnitTestResult executionId="226a674d-0f5a-45b1-9a74-190ee1572a32" testId="db5d1405-70f8-2943-7c41-390e34444c10" testName="Eventity.UnitTests.DalUnitTests.ConvertersUnitTests.ParticipationConverterTests.ToDb_WithCustomParameters_ConvertsCorrectly" computerName="MacBook-Pro-Ekaterina" duration="00:00:00.0004168" startTime="2025-09-16T15:59:18.8862760+03:00" endTime="2025-09-16T15:59:18.8862760+03:00" testType="13cdc9d9-ddb5-4fa4-a97d-d965ccfc6d4b" outcome="Passed" testListId="8c84fa94-04c1-424b-9868-57a2d4851a1d" relativeResultsDirectory="226a674d-0f5a-45b1-9a74-190ee1572a32" />
    <UnitTestResult executionId="3e8e718e-6125-45b6-a0e1-b21b0a9dd810" testId="de892861-ec82-e9ce-93bb-411eefaeb960" testName="Eventity.Tests.Services.EventServiceTests.UpdateEvent_With_Null_Values_Should_Keep_Original_Values" computerName="MacBook-Pro-Ekaterina" duration="00:00:00.0130079" startTime="2025-09-16T15:59:19.1411230+03:00" endTime="2025-09-16T15:59:19.1411230+03:00" testType="13cdc9d9-ddb5-4fa4-a97d-d965ccfc6d4b" outcome="Passed" testListId="8c84fa94-04c1-424b-9868-57a2d4851a1d" relativeResultsDirectory="3e8e718e-6125-45b6-a0e1-b21b0a9dd810" />
    <UnitTestResult executionId="720aab7d-9b5a-4cfb-beda-301f324aa08c" testId="b66fec4b-b26a-418e-14ce-538f1ceea84a" testName="Eventity.Tests.Services.UserServiceTests.GetUserById_ShouldThrowUserServiceException_WhenUserNotFound" computerName="MacBook-Pro-Ekaterina" duration="00:00:00.0040266" startTime="2025-09-16T15:59:18.9585330+03:00" endTime="2025-09-16T15:59:18.9585330+03:00" testType="13cdc9d9-ddb5-4fa4-a97d-d965ccfc6d4b" outcome="Passed" testListId="8c84fa94-04c1-424b-9868-57a2d4851a1d" relativeResultsDirectory="720aab7d-9b5a-4cfb-beda-301f324aa08c" />
    <UnitTestResult executionId="38fb0093-c472-45fd-9a38-9b1945c4e70b" testId="bf0efb53-6a3f-8a08-fa77-57284a0c71e1" testName="Eventity.Tests.Services.UserServiceTests.GetUserById_ShouldReturnUser_WhenUserExists" computerName="MacBook-Pro-Ekaterina" duration="00:00:00.0043764" startTime="2025-09-16T15:59:19.1278580+03:00" endTime="2025-09-16T15:59:19.1278580+03:00" testType="13cdc9d9-ddb5-4fa4-a97d-d965ccfc6d4b" outcome="Passed" testListId="8c84fa94-04c1-424b-9868-57a2d4851a1d" relativeResultsDirectory="38fb0093-c472-45fd-9a38-9b1945c4e70b" />
  </Results>
  <TestDefinitions>
    <UnitTest name="Eventity.UnitTests.DalUnitTests.ConvertersUnitTests.NotificationConverterTests.ToDomain_WithLongText_ConvertsCorrectly" storage="/users/ekaterinaparamonova/a/eventity/eventity.tests/bin/debug/net6.0/eventity.tests.dll" id="33671ee0-f70c-1a0c-95bc-830b7f4747e8">
      <Execution id="339b6417-74b1-4a06-ae94-401d6e767677" />
      <TestMethod codeBase="/Users/ekaterinaparamonova/a/Eventity/Eventity.Tests/bin/Debug/net6.0/Eventity.Tests.dll" adapterTypeName="executor://xunit/VsTestRunner2/netcoreapp" className="Eventity.UnitTests.DalUnitTests.ConvertersUnitTests.NotificationConverterTests" name="ToDomain_WithLongText_ConvertsCorrectly" />
    </UnitTest>
    <UnitTest name="Eventity.Tests.Services.EventServiceTests.AddEvent_Should_Add_Event_And_Participation" storage="/users/ekaterinaparamonova/a/eventity/eventity.tests/bin/debug/net6.0/eventity.tests.dll" id="673f38e7-5a92-5423-1a70-717c42d7959f">
      <Execution id="c38960df-465b-4623-8d59-0b2d15347a49" />
      <TestMethod codeBase="/Users/ekaterinaparamonova/a/Eventity/Eventity.Tests/bin/Debug/net6.0/Eventity.Tests.dll" adapterTypeName="executor://xunit/VsTestRunner2/netcoreapp" className="Eventity.Tests.Services.EventServiceTests" name="AddEvent_Should_Add_Event_And_Participation" />
    </UnitTest>
    <UnitTest name="Eventity.Tests.Services.ParticipationServiceTests.AddParticipation_ShouldThrowParticipationServiceException_WhenRepositoryFails" storage="/users/ekaterinaparamonova/a/eventity/eventity.tests/bin/debug/net6.0/eventity.tests.dll" id="2508829f-7904-27d2-ccd6-716666bb4621">
      <Execution id="bcb58d3d-1733-4937-af2d-120f061eefff" />
      <TestMethod codeBase="/Users/ekaterinaparamonova/a/Eventity/Eventity.Tests/bin/Debug/net6.0/Eventity.Tests.dll" adapterTypeName="executor://xunit/VsTestRunner2/netcoreapp" className="Eventity.Tests.Services.ParticipationServiceTests" name="AddParticipation_ShouldThrowParticipationServiceException_WhenRepositoryFails" />
    </UnitTest>
    <UnitTest name="Eventity.UnitTests.DalUnitTests.ConvertersUnitTests.NotificationConverterTests.ToDb_WithEmptyText_ConvertsCorrectly" storage="/users/ekaterinaparamonova/a/eventity/eventity.tests/bin/debug/net6.0/eventity.tests.dll" id="67c7fc32-83c8-ab3a-8dfe-6779214715b4">
      <Execution id="2e711588-ee1c-490e-b265-bacc9b320200" />
      <TestMethod codeBase="/Users/ekaterinaparamonova/a/Eventity/Eventity.Tests/bin/Debug/net6.0/Eventity.Tests.dll" adapterTypeName="executor://xunit/VsTestRunner2/netcoreapp" className="Eventity.UnitTests.DalUnitTests.ConvertersUnitTests.NotificationConverterTests" name="ToDb_WithEmptyText_ConvertsCorrectly" />
    </UnitTest>
    <UnitTest name="Eventity.Tests.Services.AuthServiceTests.AuthenticateUser_ValidCredentials_ReturnsAuthResult" storage="/users/ekaterinaparamonova/a/eventity/eventity.tests/bin/debug/net6.0/eventity.tests.dll" id="bd727772-c76d-3951-cbeb-e171039d74fe">
      <Execution id="ae34f0b8-c376-4197-a15e-5217d3a7f926" />
      <TestMethod codeBase="/Users/ekaterinaparamonova/a/Eventity/Eventity.Tests/bin/Debug/net6.0/Eventity.Tests.dll" adapterTypeName="executor://xunit/VsTestRunner2/netcoreapp" className="Eventity.Tests.Services.AuthServiceTests" name="AuthenticateUser_ValidCredentials_ReturnsAuthResult" />
    </UnitTest>
    <UnitTest name="Eventity.Tests.Services.EventServiceTests.GetEventById_Should_Throw_If_Not_Exists" storage="/users/ekaterinaparamonova/a/eventity/eventity.tests/bin/debug/net6.0/eventity.tests.dll" id="19e3dedf-1356-6f16-1235-ef8df59b4cd3">
      <Execution id="7732324f-e123-4177-8022-fd21a1941f71" />
      <TestMethod codeBase="/Users/ekaterinaparamonova/a/Eventity/Eventity.Tests/bin/Debug/net6.0/Eventity.Tests.dll" adapterTypeName="executor://xunit/VsTestRunner2/netcoreapp" className="Eventity.Tests.Services.EventServiceTests" name="GetEventById_Should_Throw_If_Not_Exists" />
    </UnitTest>
    <UnitTest name="Eventity.Tests.Services.ParticipationServiceTests.UpdateParticipation_ShouldThrowParticipationServiceException_WhenParticipationNotFound" storage="/users/ekaterinaparamonova/a/eventity/eventity.tests/bin/debug/net6.0/eventity.tests.dll" id="c2eed103-7d15-8ee6-23e5-79fdfbf0848a">
      <Execution id="a68612bf-ca81-4a70-a591-7069c93866a7" />
      <TestMethod codeBase="/Users/ekaterinaparamonova/a/Eventity/Eventity.Tests/bin/Debug/net6.0/Eventity.Tests.dll" adapterTypeName="executor://xunit/VsTestRunner2/netcoreapp" className="Eventity.Tests.Services.ParticipationServiceTests" name="UpdateParticipation_ShouldThrowParticipationServiceException_WhenParticipationNotFound" />
    </UnitTest>
    <UnitTest name="Eventity.Tests.Services.NotificationServiceTests.UpdateNotification_ShouldUpdateFields" storage="/users/ekaterinaparamonova/a/eventity/eventity.tests/bin/debug/net6.0/eventity.tests.dll" id="e407477c-d16b-e7ca-a9b0-e9a4c4dccf4f">
      <Execution id="cc88ad29-e32d-47e3-ae50-78661057df1a" />
      <TestMethod codeBase="/Users/ekaterinaparamonova/a/Eventity/Eventity.Tests/bin/Debug/net6.0/Eventity.Tests.dll" adapterTypeName="executor://xunit/VsTestRunner2/netcoreapp" className="Eventity.Tests.Services.NotificationServiceTests" name="UpdateNotification_ShouldUpdateFields" />
    </UnitTest>
    <UnitTest name="Eventity.UnitTests.DalUnitTests.ConvertersUnitTests.ParticipationConverterTests.ToDb_WithDifferentRoleAndStatus_ConvertsCorrectly" storage="/users/ekaterinaparamonova/a/eventity/eventity.tests/bin/debug/net6.0/eventity.tests.dll" id="e8237bc1-0da0-8a85-e946-d0e7cfc1e3ac">
      <Execution id="4615c871-67b5-4020-8a6e-4563e5421451" />
      <TestMethod codeBase="/Users/ekaterinaparamonova/a/Eventity/Eventity.Tests/bin/Debug/net6.0/Eventity.Tests.dll" adapterTypeName="executor://xunit/VsTestRunner2/netcoreapp" className="Eventity.UnitTests.DalUnitTests.ConvertersUnitTests.ParticipationConverterTests" name="ToDb_WithDifferentRoleAndStatus_ConvertsCorrectly" />
    </UnitTest>
    <UnitTest name="Eventity.DataAccess.Tests.Repositories.ParticipationRepositoryTests.UpdateAsync_ShouldUpdateParticipation" storage="/users/ekaterinaparamonova/a/eventity/eventity.tests/bin/debug/net6.0/eventity.tests.dll" id="ab6dd7f8-e381-8c79-8257-2c2311d2c4a2">
      <Execution id="94355db8-ef82-4abd-883d-76aa5e2fa4b3" />
      <TestMethod codeBase="/Users/ekaterinaparamonova/a/Eventity/Eventity.Tests/bin/Debug/net6.0/Eventity.Tests.dll" adapterTypeName="executor://xunit/VsTestRunner2/netcoreapp" className="Eventity.DataAccess.Tests.Repositories.ParticipationRepositoryTests" name="UpdateAsync_ShouldUpdateParticipation" />
    </UnitTest>
    <UnitTest name="Eventity.UnitTests.DalUnitTests.ConvertersUnitTests.EventConverterTests.ToDb_WhenValidEvent_ReturnsEventDb" storage="/users/ekaterinaparamonova/a/eventity/eventity.tests/bin/debug/net6.0/eventity.tests.dll" id="ae687f72-909d-c4c8-d5fe-769c415b1757">
      <Execution id="94a50621-817d-4857-9ce1-ddb02b64f71c" />
      <TestMethod codeBase="/Users/ekaterinaparamonova/a/Eventity/Eventity.Tests/bin/Debug/net6.0/Eventity.Tests.dll" adapterTypeName="executor://xunit/VsTestRunner2/netcoreapp" className="Eventity.UnitTests.DalUnitTests.ConvertersUnitTests.EventConverterTests" name="ToDb_WhenValidEvent_ReturnsEventDb" />
    </UnitTest>
    <UnitTest name="Eventity.Tests.Services.ParticipationServiceTests.AddParticipation_ShouldReturnParticipation_WhenParticipationIsCreated" storage="/users/ekaterinaparamonova/a/eventity/eventity.tests/bin/debug/net6.0/eventity.tests.dll" id="5e90c5ba-caf2-0898-cdd1-3ffcb3ec780e">
      <Execution id="e8110462-1274-4166-9616-6d3451189951" />
      <TestMethod codeBase="/Users/ekaterinaparamonova/a/Eventity/Eventity.Tests/bin/Debug/net6.0/Eventity.Tests.dll" adapterTypeName="executor://xunit/VsTestRunner2/netcoreapp" className="Eventity.Tests.Services.ParticipationServiceTests" name="AddParticipation_ShouldReturnParticipation_WhenParticipationIsCreated" />
    </UnitTest>
    <UnitTest name="Eventity.Tests.Services.NotificationServiceTests.GetNotificationById_ShouldThrow_WhenNotFound" storage="/users/ekaterinaparamonova/a/eventity/eventity.tests/bin/debug/net6.0/eventity.tests.dll" id="686b305f-f303-f515-7207-9e87d7d10690">
      <Execution id="e2161ecf-71ac-4ce6-9edc-90429707de22" />
      <TestMethod codeBase="/Users/ekaterinaparamonova/a/Eventity/Eventity.Tests/bin/Debug/net6.0/Eventity.Tests.dll" adapterTypeName="executor://xunit/VsTestRunner2/netcoreapp" className="Eventity.Tests.Services.NotificationServiceTests" name="GetNotificationById_ShouldThrow_WhenNotFound" />
    </UnitTest>
    <UnitTest name="Eventity.DataAccess.Tests.Repositories.EventRepositoryTests.AddAsync_ShouldSaveEvent" storage="/users/ekaterinaparamonova/a/eventity/eventity.tests/bin/debug/net6.0/eventity.tests.dll" id="0b999948-6dbe-0500-7598-1292bf31d086">
      <Execution id="ed64fba6-64ac-4d1d-b519-5826b15702f3" />
      <TestMethod codeBase="/Users/ekaterinaparamonova/a/Eventity/Eventity.Tests/bin/Debug/net6.0/Eventity.Tests.dll" adapterTypeName="executor://xunit/VsTestRunner2/netcoreapp" className="Eventity.DataAccess.Tests.Repositories.EventRepositoryTests" name="AddAsync_ShouldSaveEvent" />
    </UnitTest>
    <UnitTest name="Eventity.UnitTests.DalUnitTests.ConvertersUnitTests.NotificationConverterTests.ToDb_WhenNullNotification_ThrowsNullReferenceException" storage="/users/ekaterinaparamonova/a/eventity/eventity.tests/bin/debug/net6.0/eventity.tests.dll" id="5085684b-5fa3-5df0-35ee-697dfa842676">
      <Execution id="f3d23c29-3b77-4140-8d2f-2d3af3761c1e" />
      <TestMethod codeBase="/Users/ekaterinaparamonova/a/Eventity/Eventity.Tests/bin/Debug/net6.0/Eventity.Tests.dll" adapterTypeName="executor://xunit/VsTestRunner2/netcoreapp" className="Eventity.UnitTests.DalUnitTests.ConvertersUnitTests.NotificationConverterTests" name="ToDb_WhenNullNotification_ThrowsNullReferenceException" />
    </UnitTest>
    <UnitTest name="Eventity.Tests.Services.UserServiceTests.UpdateUser_ShouldThrowUserServiceException_WhenUserNotFound" storage="/users/ekaterinaparamonova/a/eventity/eventity.tests/bin/debug/net6.0/eventity.tests.dll" id="54e19392-7402-0582-6f22-438ce37c4a82">
      <Execution id="b4211e8a-b8a2-48f8-af71-23194f9943dd" />
      <TestMethod codeBase="/Users/ekaterinaparamonova/a/Eventity/Eventity.Tests/bin/Debug/net6.0/Eventity.Tests.dll" adapterTypeName="executor://xunit/VsTestRunner2/netcoreapp" className="Eventity.Tests.Services.UserServiceTests" name="UpdateUser_ShouldThrowUserServiceException_WhenUserNotFound" />
    </UnitTest>
    <UnitTest name="Eventity.Tests.Services.AuthServiceTests.AuthenticateUser_InvalidPassword_ThrowsInvalidPasswordException" storage="/users/ekaterinaparamonova/a/eventity/eventity.tests/bin/debug/net6.0/eventity.tests.dll" id="b7d43b73-0f9d-8df5-f05b-02d8e8f493b3">
      <Execution id="ee613adc-52af-44db-b089-e22bb577193c" />
      <TestMethod codeBase="/Users/ekaterinaparamonova/a/Eventity/Eventity.Tests/bin/Debug/net6.0/Eventity.Tests.dll" adapterTypeName="executor://xunit/VsTestRunner2/netcoreapp" className="Eventity.Tests.Services.AuthServiceTests" name="AuthenticateUser_InvalidPassword_ThrowsInvalidPasswordException" />
    </UnitTest>
    <UnitTest name="Eventity.UnitTests.DalUnitTests.ConvertersUnitTests.UserConverterTests.ToDb_WhenNullUser_ThrowsNullReferenceException" storage="/users/ekaterinaparamonova/a/eventity/eventity.tests/bin/debug/net6.0/eventity.tests.dll" id="02e7cfc5-8f65-26d7-40a9-155cce04f710">
      <Execution id="7efdf7cf-7f86-49d7-addf-bc9efcef33a6" />
      <TestMethod codeBase="/Users/ekaterinaparamonova/a/Eventity/Eventity.Tests/bin/Debug/net6.0/Eventity.Tests.dll" adapterTypeName="executor://xunit/VsTestRunner2/netcoreapp" className="Eventity.UnitTests.DalUnitTests.ConvertersUnitTests.UserConverterTests" name="ToDb_WhenNullUser_ThrowsNullReferenceException" />
    </UnitTest>
    <UnitTest name="Eventity.Tests.Services.UserServiceTests.RemoveUser_ShouldCallRemoveAsync_WhenUserExists" storage="/users/ekaterinaparamonova/a/eventity/eventity.tests/bin/debug/net6.0/eventity.tests.dll" id="bcbc8911-e1f4-8756-7327-61b2acd39d9d">
      <Execution id="2cccc441-8841-483c-9022-fd0bf466f1c6" />
      <TestMethod codeBase="/Users/ekaterinaparamonova/a/Eventity/Eventity.Tests/bin/Debug/net6.0/Eventity.Tests.dll" adapterTypeName="executor://xunit/VsTestRunner2/netcoreapp" className="Eventity.Tests.Services.UserServiceTests" name="RemoveUser_ShouldCallRemoveAsync_WhenUserExists" />
    </UnitTest>
    <UnitTest name="Eventity.DataAccess.Tests.Repositories.EventRepositoryTests.UpdateAsync_ShouldModifyExistingEvent" storage="/users/ekaterinaparamonova/a/eventity/eventity.tests/bin/debug/net6.0/eventity.tests.dll" id="8010b306-08f3-9e9c-b3f7-b94a946bb390">
      <Execution id="4fca60f3-cdc1-4528-9122-204ac4a43ca3" />
      <TestMethod codeBase="/Users/ekaterinaparamonova/a/Eventity/Eventity.Tests/bin/Debug/net6.0/Eventity.Tests.dll" adapterTypeName="executor://xunit/VsTestRunner2/netcoreapp" className="Eventity.DataAccess.Tests.Repositories.EventRepositoryTests" name="UpdateAsync_ShouldModifyExistingEvent" />
    </UnitTest>
    <UnitTest name="Eventity.Tests.Services.UserServiceTests.GetUserById_ShouldThrowUserServiceException_WhenUserNotFound" storage="/users/ekaterinaparamonova/a/eventity/eventity.tests/bin/debug/net6.0/eventity.tests.dll" id="b66fec4b-b26a-418e-14ce-538f1ceea84a">
      <Execution id="720aab7d-9b5a-4cfb-beda-301f324aa08c" />
      <TestMethod codeBase="/Users/ekaterinaparamonova/a/Eventity/Eventity.Tests/bin/Debug/net6.0/Eventity.Tests.dll" adapterTypeName="executor://xunit/VsTestRunner2/netcoreapp" className="Eventity.Tests.Services.UserServiceTests" name="GetUserById_ShouldThrowUserServiceException_WhenUserNotFound" />
    </UnitTest>
    <UnitTest name="Eventity.DataAccess.Tests.Repositories.ParticipationRepositoryTests.AddAsync_ShouldSaveOrganizerParticipation" storage="/users/ekaterinaparamonova/a/eventity/eventity.tests/bin/debug/net6.0/eventity.tests.dll" id="3cc4a362-f642-33da-e67a-d77581cb9b55">
      <Execution id="31a10d89-0b05-40e5-bab3-3fe4282f9643" />
      <TestMethod codeBase="/Users/ekaterinaparamonova/a/Eventity/Eventity.Tests/bin/Debug/net6.0/Eventity.Tests.dll" adapterTypeName="executor://xunit/VsTestRunner2/netcoreapp" className="Eventity.DataAccess.Tests.Repositories.ParticipationRepositoryTests" name="AddAsync_ShouldSaveOrganizerParticipation" />
    </UnitTest>
    <UnitTest name="Eventity.Tests.Services.UserServiceTests.GetAllUsers_ShouldThrowUserServiceException_WhenNoUsersFound" storage="/users/ekaterinaparamonova/a/eventity/eventity.tests/bin/debug/net6.0/eventity.tests.dll" id="5eb1fcf5-c912-828b-d94f-d083060379b4">
      <Execution id="77cc22cc-92d8-4239-b7f6-8ff1843656d4" />
      <TestMethod codeBase="/Users/ekaterinaparamonova/a/Eventity/Eventity.Tests/bin/Debug/net6.0/Eventity.Tests.dll" adapterTypeName="executor://xunit/VsTestRunner2/netcoreapp" className="Eventity.Tests.Services.UserServiceTests" name="GetAllUsers_ShouldThrowUserServiceException_WhenNoUsersFound" />
    </UnitTest>
    <UnitTest name="Eventity.Tests.Services.ParticipationServiceTests.GetParticipationsByEventId_ShouldReturnParticipations_WhenParticipationsExist" storage="/users/ekaterinaparamonova/a/eventity/eventity.tests/bin/debug/net6.0/eventity.tests.dll" id="0385a36c-5928-2dd6-aaf5-a09f27201241">
      <Execution id="3838749b-d6b1-445d-8a89-072a3d624e90" />
      <TestMethod codeBase="/Users/ekaterinaparamonova/a/Eventity/Eventity.Tests/bin/Debug/net6.0/Eventity.Tests.dll" adapterTypeName="executor://xunit/VsTestRunner2/netcoreapp" className="Eventity.Tests.Services.ParticipationServiceTests" name="GetParticipationsByEventId_ShouldReturnParticipations_WhenParticipationsExist" />
    </UnitTest>
    <UnitTest name="Eventity.Tests.Services.NotificationServiceTests.AddNotification_ShouldThrow_WhenParticipationNotFound" storage="/users/ekaterinaparamonova/a/eventity/eventity.tests/bin/debug/net6.0/eventity.tests.dll" id="7aabbb3b-0091-237c-8fbc-294c52558675">
      <Execution id="a17f13d0-7fc5-4870-bbe9-7882731bbd23" />
      <TestMethod codeBase="/Users/ekaterinaparamonova/a/Eventity/Eventity.Tests/bin/Debug/net6.0/Eventity.Tests.dll" adapterTypeName="executor://xunit/VsTestRunner2/netcoreapp" className="Eventity.Tests.Services.NotificationServiceTests" name="AddNotification_ShouldThrow_WhenParticipationNotFound" />
    </UnitTest>
    <UnitTest name="Eventity.Tests.Services.UserServiceTests.AddUser_ShouldReturnUser_WhenUserIsCreated" storage="/users/ekaterinaparamonova/a/eventity/eventity.tests/bin/debug/net6.0/eventity.tests.dll" id="653818f8-dac5-8b9c-3ab4-59f3c82729de">
      <Execution id="d3a344d3-51e6-426a-8e47-36902cfbaa59" />
      <TestMethod codeBase="/Users/ekaterinaparamonova/a/Eventity/Eventity.Tests/bin/Debug/net6.0/Eventity.Tests.dll" adapterTypeName="executor://xunit/VsTestRunner2/netcoreapp" className="Eventity.Tests.Services.UserServiceTests" name="AddUser_ShouldReturnUser_WhenUserIsCreated" />
    </UnitTest>
    <UnitTest name="Eventity.DataAccess.Tests.Repositories.UserRepositoryTests.RemoveAsync_ShouldRemoveUser_WhenUserExists" storage="/users/ekaterinaparamonova/a/eventity/eventity.tests/bin/debug/net6.0/eventity.tests.dll" id="c29c7146-a050-22a0-7dbb-b979d0520aac">
      <Execution id="83f74bf6-165b-463b-9152-f9c87785bb1c" />
      <TestMethod codeBase="/Users/ekaterinaparamonova/a/Eventity/Eventity.Tests/bin/Debug/net6.0/Eventity.Tests.dll" adapterTypeName="executor://xunit/VsTestRunner2/netcoreapp" className="Eventity.DataAccess.Tests.Repositories.UserRepositoryTests" name="RemoveAsync_ShouldRemoveUser_WhenUserExists" />
    </UnitTest>
    <UnitTest name="Eventity.Tests.Services.EventServiceTests.RemoveEvent_Should_Throw_On_Exception" storage="/users/ekaterinaparamonova/a/eventity/eventity.tests/bin/debug/net6.0/eventity.tests.dll" id="9c172679-e4da-c1c9-e733-0c642e6f832f">
      <Execution id="5c7513b1-3804-4b97-8cb3-5da26358b837" />
      <TestMethod codeBase="/Users/ekaterinaparamonova/a/Eventity/Eventity.Tests/bin/Debug/net6.0/Eventity.Tests.dll" adapterTypeName="executor://xunit/VsTestRunner2/netcoreapp" className="Eventity.Tests.Services.EventServiceTests" name="RemoveEvent_Should_Throw_On_Exception" />
    </UnitTest>
    <UnitTest name="Eventity.Tests.Services.ParticipationServiceTests.GetParticipationsByUserId_ShouldReturnParticipations_WhenParticipationsExist" storage="/users/ekaterinaparamonova/a/eventity/eventity.tests/bin/debug/net6.0/eventity.tests.dll" id="2845374f-3954-870c-5f0d-aa35c0d86acd">
      <Execution id="4a05c102-ca91-4b3b-97b6-b9a1ac26caad" />
      <TestMethod codeBase="/Users/ekaterinaparamonova/a/Eventity/Eventity.Tests/bin/Debug/net6.0/Eventity.Tests.dll" adapterTypeName="executor://xunit/VsTestRunner2/netcoreapp" className="Eventity.Tests.Services.ParticipationServiceTests" name="GetParticipationsByUserId_ShouldReturnParticipations_WhenParticipationsExist" />
    </UnitTest>
    <UnitTest name="Eventity.DataAccess.Tests.Repositories.ParticipationRepositoryTests.GetByIdAsync_ShouldReturnParticipation_WhenExist" storage="/users/ekaterinaparamonova/a/eventity/eventity.tests/bin/debug/net6.0/eventity.tests.dll" id="a868cd3b-44ba-9f01-539d-b407424e2f17">
      <Execution id="541729a9-6fa5-4adf-96de-88e6a948dd9f" />
      <TestMethod codeBase="/Users/ekaterinaparamonova/a/Eventity/Eventity.Tests/bin/Debug/net6.0/Eventity.Tests.dll" adapterTypeName="executor://xunit/VsTestRunner2/netcoreapp" className="Eventity.DataAccess.Tests.Repositories.ParticipationRepositoryTests" name="GetByIdAsync_ShouldReturnParticipation_WhenExist" />
    </UnitTest>
    <UnitTest name="Eventity.UnitTests.DalUnitTests.ConvertersUnitTests.ParticipationConverterTests.ToDb_WithCustomParameters_ConvertsCorrectly" storage="/users/ekaterinaparamonova/a/eventity/eventity.tests/bin/debug/net6.0/eventity.tests.dll" id="db5d1405-70f8-2943-7c41-390e34444c10">
      <Execution id="226a674d-0f5a-45b1-9a74-190ee1572a32" />
      <TestMethod codeBase="/Users/ekaterinaparamonova/a/Eventity/Eventity.Tests/bin/Debug/net6.0/Eventity.Tests.dll" adapterTypeName="executor://xunit/VsTestRunner2/netcoreapp" className="Eventity.UnitTests.DalUnitTests.ConvertersUnitTests.ParticipationConverterTests" name="ToDb_WithCustomParameters_ConvertsCorrectly" />
    </UnitTest>
    <UnitTest name="Eventity.Tests.Services.UserServiceTests.GetAllUsers_ShouldReturnUsers_WhenUsersExist" storage="/users/ekaterinaparamonova/a/eventity/eventity.tests/bin/debug/net6.0/eventity.tests.dll" id="1892e7ae-0829-05b1-1ff3-7ee2aaff4235">
      <Execution id="9be50483-a1d3-443e-8fd4-ccb830c626b0" />
      <TestMethod codeBase="/Users/ekaterinaparamonova/a/Eventity/Eventity.Tests/bin/Debug/net6.0/Eventity.Tests.dll" adapterTypeName="executor://xunit/VsTestRunner2/netcoreapp" className="Eventity.Tests.Services.UserServiceTests" name="GetAllUsers_ShouldReturnUsers_WhenUsersExist" />
    </UnitTest>
    <UnitTest name="Eventity.Tests.Services.UserServiceTests.GetUserById_ShouldThrowUserServiceException_WhenRepositoryFails" storage="/users/ekaterinaparamonova/a/eventity/eventity.tests/bin/debug/net6.0/eventity.tests.dll" id="2de9a30c-3170-520a-a677-48be7e517a5f">
      <Execution id="520fa256-035a-4350-83b9-3b13ac7abc2e" />
      <TestMethod codeBase="/Users/ekaterinaparamonova/a/Eventity/Eventity.Tests/bin/Debug/net6.0/Eventity.Tests.dll" adapterTypeName="executor://xunit/VsTestRunner2/netcoreapp" className="Eventity.Tests.Services.UserServiceTests" name="GetUserById_ShouldThrowUserServiceException_WhenRepositoryFails" />
    </UnitTest>
    <UnitTest name="Eventity.Tests.Services.EventServiceTests.UpdateEvent_Should_Throw_If_Not_Exists" storage="/users/ekaterinaparamonova/a/eventity/eventity.tests/bin/debug/net6.0/eventity.tests.dll" id="fc6e0a9c-044c-72b4-cf99-b66f4a524669">
      <Execution id="0e52516a-0dc7-4c3d-a236-ee86d5a4db35" />
      <TestMethod codeBase="/Users/ekaterinaparamonova/a/Eventity/Eventity.Tests/bin/Debug/net6.0/Eventity.Tests.dll" adapterTypeName="executor://xunit/VsTestRunner2/netcoreapp" className="Eventity.Tests.Services.EventServiceTests" name="UpdateEvent_Should_Throw_If_Not_Exists" />
    </UnitTest>
[...]
    </UnitTest>
    <UnitTest name="Eventity.DataAccess.Tests.Repositories.ParticipationRepositoryTests.AddAsync_ShouldAddParticipation" storage="/users/ekaterinaparamonova/a/eventity/eventity.tests/bin/debug/net6.0/eventity.tests.dll" id="0440b2ca-463e-9f7e-7858-d5bf5f369e9e">
      <Execution id="523f4489-5c64-4bf0-9357-03fb57872110" />
      <TestMethod codeBase="/Users/ekaterinaparamonova/a/Eventity/Eventity.Tests/bin/Debug/net6.0/Eventity.Tests.dll" adapterTypeName="executor://xunit/VsTestRunner2/netcoreapp" className="Eventity.DataAccess.Tests.Repositories.ParticipationRepositoryTests" name="AddAsync_ShouldAddParticipation" />
    </UnitTest>
    <UnitTest name="Eventity.DataAccess.Tests.Repositories.UserRepositoryTests.AddAsync_ShouldAddUser" storage="/users/ekaterinaparamonova/a/eventity/eventity.tests/bin/debug/net6.0/eventity.tests.dll" id="870827ae-6bbe-7276-dfd7-3dc4b265e713">
      <Execution id="553a84d7-6bff-4cdc-a496-6cf3adb23cbf" />
      <TestMethod codeBase="/Users/ekaterinaparamonova/a/Eventity/Eventity.Tests/bin/Debug/net6.0/Eventity.Tests.dll" adapterTypeName="executor://xunit/VsTestRunner2/netcoreapp" className="Eventity.DataAccess.Tests.Repositories.UserRepositoryTests" name="AddAsync_ShouldAddUser" />
    </UnitTest>
    <UnitTest name="Eventity.Tests.Services.ParticipationServiceTests.GetParticipationsByEventId_ShouldThrowParticipationServiceException_WhenNoParticipationsFound" storage="/users/ekaterinaparamonova/a/eventity/eventity.tests/bin/debug/net6.0/eventity.tests.dll" id="de237835-2305-f1d3-f7db-a481864f1870">
      <Execution id="423ef161-9224-4ef4-b200-7018957d33d5" />
      <TestMethod codeBase="/Users/ekaterinaparamonova/a/Eventity/Eventity.Tests/bin/Debug/net6.0/Eventity.Tests.dll" adapterTypeName="executor://xunit/VsTestRunner2/netcoreapp" className="Eventity.Tests.Services.ParticipationServiceTests" name="GetParticipationsByEventId_ShouldThrowParticipationServiceException_WhenNoParticipationsFound" />
    </UnitTest>
  </TestDefinitions>
  <TestEntries>
    <TestEntry testId="272a6014-175d-8762-f98e-e56fe1667e98" executionId="06ef384f-3958-4407-9d4e-f93d9ef17c25" testListId="8c84fa94-04c1-424b-9868-57a2d4851a1d" />
    <TestEntry testId="0a0a3fad-2d95-3f6f-eb08-63a1d1148b70" executionId="05a4f6ab-1e01-4f5e-9a74-14f0e82a9633" testListId="8c84fa94-04c1-424b-9868-57a2d4851a1d" />
    <TestEntry testId="4b355819-9a06-222d-051f-87afdd1caa7d" executionId="40950aa9-462f-4982-bc70-48b3ea608883" testListId="8c84fa94-04c1-424b-9868-57a2d4851a1d" />
    <TestEntry testId="92f4bc6d-6ce6-69ad-1b8f-a499ecbfb4f3" executionId="0065c11f-1d21-40ea-9cce-6b92052ad839" testListId="8c84fa94-04c1-424b-9868-57a2d4851a1d" />
    <TestEntry testId="4b633a13-0f48-89a2-be9d-35301121f361" executionId="eccf5890-4b42-4b56-b3eb-7e7f194d5d87" testListId="8c84fa94-04c1-424b-9868-57a2d4851a1d" />
    <TestEntry testId="71f2cb9b-37a8-7ea8-db62-a57d295f6992" executionId="f7911fd8-2554-4d23-bad3-655e30fe9cad" testListId="8c84fa94-04c1-424b-9868-57a2d4851a1d" />
    <TestEntry testId="07f085dc-b4c0-3a07-e2fc-cb0ac81fad83" executionId="cdeb14ac-b8fa-4bb0-8d66-0cc23606c420" testListId="8c84fa94-04c1-424b-9868-57a2d4851a1d" />
    <TestEntry testId="54759946-45c6-9462-a8db-a2fa2320e88a" executionId="58897878-061d-4769-91c7-3f90f8d45925" testListId="8c84fa94-04c1-424b-9868-57a2d4851a1d" />
    <TestEntry testId="659bb98c-8c47-bc61-fb9d-7c7d0b960129" executionId="5c4abd58-1023-4bb2-9764-9864da419761" testListId="8c84fa94-04c1-424b-9868-57a2d4851a1d" />
    <TestEntry testId="a16974ad-badd-2230-489a-92ba8364f08b" executionId="c3a6f301-f8a2-4dca-a03e-eb2f47f2299e" testListId="8c84fa94-04c1-424b-9868-57a2d4851a1d" />
    <TestEntry testId="3cc4a362-f642-33da-e67a-d77581cb9b55" executionId="31a10d89-0b05-40e5-bab3-3fe4282f9643" testListId="8c84fa94-04c1-424b-9868-57a2d4851a1d" />
    <TestEntry testId="bd727772-c76d-3951-cbeb-e171039d74fe" executionId="ae34f0b8-c376-4197-a15e-5217d3a7f926" testListId="8c84fa94-04c1-424b-9868-57a2d4851a1d" />
    <TestEntry testId="de237835-2305-f1d3-f7db-a481864f1870" executionId="423ef161-9224-4ef4-b200-7018957d33d5" testListId="8c84fa94-04c1-424b-9868-57a2d4851a1d" />
    <TestEntry testId="25546d7d-e30b-f1f8-d021-b03206c0cf2b" executionId="e6b791b9-e6b5-45f1-9846-3d49968572ec" testListId="8c84fa94-04c1-424b-9868-57a2d4851a1d" />
    <TestEntry testId="e407477c-d16b-e7ca-a9b0-e9a4c4dccf4f" executionId="cc88ad29-e32d-47e3-ae50-78661057df1a" testListId="8c84fa94-04c1-424b-9868-57a2d4851a1d" />
    <TestEntry testId="63033e36-ff39-b205-8e92-c1192c4a4515" executionId="22301385-2591-430b-9da3-44148280e0da" testListId="8c84fa94-04c1-424b-9868-57a2d4851a1d" />
    <TestEntry testId="7aabbb3b-0091-237c-8fbc-294c52558675" executionId="a17f13d0-7fc5-4870-bbe9-7882731bbd23" testListId="8c84fa94-04c1-424b-9868-57a2d4851a1d" />
    <TestEntry testId="54e19392-7402-0582-6f22-438ce37c4a82" executionId="b4211e8a-b8a2-48f8-af71-23194f9943dd" testListId="8c84fa94-04c1-424b-9868-57a2d4851a1d" />
    <TestEntry testId="a28be127-e769-2ea4-c5b5-e4e340cdf7e6" executionId="abe84015-4e79-4d6d-99a6-9f531ecadbac" testListId="8c84fa94-04c1-424b-9868-57a2d4851a1d" />
    <TestEntry testId="0cb994eb-de01-f5e3-d8f7-6a78c557bb0f" executionId="cac478cd-bcdf-471d-ab83-ae2ed048b805" testListId="8c84fa94-04c1-424b-9868-57a2d4851a1d" />
    <TestEntry testId="fcde5b3d-795a-280f-73f6-4bdefe02d196" executionId="89babe37-e5e6-4b39-a2ce-4e4a49485e08" testListId="8c84fa94-04c1-424b-9868-57a2d4851a1d" />
    <TestEntry testId="f202ec4c-efd1-b63e-9bb2-f9a46668349b" executionId="fb51a06f-73f0-4475-9a3c-8ba7852b166e" testListId="8c84fa94-04c1-424b-9868-57a2d4851a1d" />
    <TestEntry testId="870827ae-6bbe-7276-dfd7-3dc4b265e713" executionId="553a84d7-6bff-4cdc-a496-6cf3adb23cbf" testListId="8c84fa94-04c1-424b-9868-57a2d4851a1d" />
    <TestEntry testId="f3fb4f70-67cb-3e40-e071-e0d6c972effe" executionId="55831a52-2d14-4ffe-9ad6-3e29017e3e16" testListId="8c84fa94-04c1-424b-9868-57a2d4851a1d" />
    <TestEntry testId="ae687f72-909d-c4c8-d5fe-769c415b1757" executionId="94a50621-817d-4857-9ce1-ddb02b64f71c" testListId="8c84fa94-04c1-424b-9868-57a2d4851a1d" />
    <TestEntry testId="2508829f-7904-27d2-ccd6-716666bb4621" executionId="bcb58d3d-1733-4937-af2d-120f061eefff" testListId="8c84fa94-04c1-424b-9868-57a2d4851a1d" />
    <TestEntry testId="9be134a3-7593-9efb-b04e-d5080e9c6d1d" executionId="9bef7af3-c1ff-4824-97e2-3b78e8854ee1" testListId="8c84fa94-04c1-424b-9868-57a2d4851a1d" />
    <TestEntry testId="2e690f3e-d42f-02bb-5e26-1656ebf90de1" executionId="f9fef76b-d33c-4dee-9ab7-8f2c91c6e212" testListId="8c84fa94-04c1-424b-9868-57a2d4851a1d" />
    <TestEntry testId="6264a05f-cbe6-a47b-59b7-36fb91a7089e" executionId="d921b553-c91c-4f9d-9e95-1bda2d4ef358" testListId="8c84fa94-04c1-424b-9868-57a2d4851a1d" />
    <TestEntry testId="653818f8-dac5-8b9c-3ab4-59f3c82729de" executionId="d3a344d3-51e6-426a-8e47-36902cfbaa59" testListId="8c84fa94-04c1-424b-9868-57a2d4851a1d" />
    <TestEntry testId="bf95c80c-11b4-607b-0228-ff04f87e1426" executionId="991ffd4d-83f8-4d6f-8344-0a7a016e2356" testListId="8c84fa94-04c1-424b-9868-57a2d4851a1d" />
    <TestEntry testId="673f38e7-5a92-5423-1a70-717c42d7959f" executionId="c38960df-465b-4623-8d59-0b2d15347a49" testListId="8c84fa94-04c1-424b-9868-57a2d4851a1d" />
    <TestEntry testId="ac646bd6-414b-e097-44b4-9bf85ec66676" executionId="0419c7d0-a907-4334-9ab1-f5bd374c009d" testListId="8c84fa94-04c1-424b-9868-57a2d4851a1d" />
    <TestEntry testId="015628c6-9fc8-60b5-3169-5a7371a01213" executionId="96a2c8e4-bff4-41df-b5e2-0e79fd5459c9" testListId="8c84fa94-04c1-424b-9868-57a2d4851a1d" />
    <TestEntry testId="774f93ee-3b32-04e1-629e-6b660eb2d292" executionId="b8827104-3dc8-4bac-bd76-13d9b87a7c64" testListId="8c84fa94-04c1-424b-9868-57a2d4851a1d" />
    <TestEntry testId="c228e323-55db-9447-9371-5935dea21c24" executionId="25f7aa93-314e-4fff-8402-15dc82b335d3" testListId="8c84fa94-04c1-424b-9868-57a2d4851a1d" />
    <TestEntry testId="d2c5ef81-f990-79ed-4d74-20f2e53de976" executionId="93587bf5-5d33-4f48-80d6-22ec32a426d9" testListId="8c84fa94-04c1-424b-9868-57a2d4851a1d" />
    <TestEntry testId="4976b568-cbeb-f321-0585-56a69f3b2e0a" executionId="741f3872-9994-4d05-b75f-9f9935c9e03d" testListId="8c84fa94-04c1-424b-9868-57a2d4851a1d" />
    <TestEntry testId="43f6cc39-3ddc-52d5-07f6-75dc15016932" executionId="2c7f3db8-0cc7-4707-962b-e57dcbb72483" testListId="8c84fa94-04c1-424b-9868-57a2d4851a1d" />
    <TestEntry testId="169521a3-2525-c070-0fb4-aea84624d6d4" executionId="65cb47b2-0705-43a7-8b00-013b100309a5" testListId="8c84fa94-04c1-424b-9868-57a2d4851a1d" />
    <TestEntry testId="a170a873-5efb-eb80-8f1c-241d55f5f365" executionId="152cdeaf-62a1-4396-a70d-4048110fe147" testListId="8c84fa94-04c1-424b-9868-57a2d4851a1d" />
    <TestEntry testId="d125d58a-2fc3-88cd-5751-f3ee090179e1" executionId="6ed49207-4d05-4478-82e6-6866cc2dcf13" testListId="8c84fa94-04c1-424b-9868-57a2d4851a1d" />
    <TestEntry testId="cb6945be-ea78-9829-b889-d64709403f50" executionId="5dcc1eb0-ff2d-46a4-9615-3d977e434444" testListId="8c84fa94-04c1-424b-9868-57a2d4851a1d" />
    <TestEntry testId="e11fb2b1-2b85-30d4-b08d-cc0dc652727d" executionId="bb669c51-3bdb-4510-be44-a641badfad1a" testListId="8c84fa94-04c1-424b-9868-57a2d4851a1d" />
    <TestEntry testId="6c9592e9-a0f7-32d0-f394-01c44220baae" executionId="ee7420dc-265b-434f-9daf-d0233ff04090" testListId="8c84fa94-04c1-424b-9868-57a2d4851a1d" />
    <TestEntry testId="868e2fc2-349c-71f8-0d8b-4e09d7bb67e8" executionId="551c00ef-48cc-44e9-9c1c-c47b32ffc647" testListId="8c84fa94-04c1-424b-9868-57a2d4851a1d" />
    <TestEntry testId="1892e7ae-0829-05b1-1ff3-7ee2aaff4235" executionId="9be50483-a1d3-443e-8fd4-ccb830c626b0" testListId="8c84fa94-04c1-424b-9868-57a2d4851a1d" />
    <TestEntry testId="d05e420a-d21f-e4a0-7909-09ac6021c1f0" executionId="e2b6cdd8-38cd-4639-9ea9-868d58587cc5" testListId="8c84fa94-04c1-424b-9868-57a2d4851a1d" />
    <TestEntry testId="abc51e85-06c6-95bf-8631-63041d69c4cd" executionId="1410a1d7-89c5-4748-97c7-4a0d0e1bbfdf" testListId="8c84fa94-04c1-424b-9868-57a2d4851a1d" />
    <TestEntry testId="862be7a6-c307-1433-c142-8c52f61f8f70" executionId="b88fd67e-d5a2-43c7-ad83-adcc21a5b447" testListId="8c84fa94-04c1-424b-9868-57a2d4851a1d" />
    <TestEntry testId="c2eed103-7d15-8ee6-23e5-79fdfbf0848a" executionId="a68612bf-ca81-4a70-a591-7069c93866a7" testListId="8c84fa94-04c1-424b-9868-57a2d4851a1d" />
    <TestEntry testId="0b999948-6dbe-0500-7598-1292bf31d086" executionId="ed64fba6-64ac-4d1d-b519-5826b15702f3" testListId="8c84fa94-04c1-424b-9868-57a2d4851a1d" />
    <TestEntry testId="5085684b-5fa3-5df0-35ee-697dfa842676" executionId="f3d23c29-3b77-4140-8d2f-2d3af3761c1e" testListId="8c84fa94-04c1-424b-9868-57a2d4851a1d" />
    <TestEntry testId="ab6dd7f8-e381-8c79-8257-2c2311d2c4a2" executionId="94355db8-ef82-4abd-883d-76aa5e2fa4b3" testListId="8c84fa94-04c1-424b-9868-57a2d4851a1d" />
    <TestEntry testId="08291182-9aa9-e56a-d1ee-3e88f694b899" executionId="5e2de129-71b7-414c-93f2-72cac0db13f5" testListId="8c84fa94-04c1-424b-9868-57a2d4851a1d" />
    <TestEntry testId="5996d759-c563-06e8-52d7-f22648dfbe27" executionId="d1e25af7-3675-4f1a-8c15-3a6e05e3ae99" testListId="8c84fa94-04c1-424b-9868-57a2d4851a1d" />
    <TestEntry testId="644e8f99-bbdf-565c-2d4b-16ee06e25457" executionId="7ca2acfd-dec5-4a6d-8f66-c8a2666b063a" testListId="8c84fa94-04c1-424b-9868-57a2d4851a1d" />
    <TestEntry testId="7b490e6d-f06b-d9b7-cf94-5e43643c6d07" executionId="0905fe65-8849-4798-9c56-257ad3529cb5" testListId="8c84fa94-04c1-424b-9868-57a2d4851a1d" />
    <TestEntry testId="c6a5ca1f-2c1a-a16c-6961-f727ea740739" executionId="d7cea5b5-8161-410c-b796-a04d53163e3f" testListId="8c84fa94-04c1-424b-9868-57a2d4851a1d" />
    <TestEntry testId="1865208a-10a8-53b1-61d6-c68dd54c1147" executionId="c314e86b-c7bd-4652-ae9f-8ff24bad0bdd" testListId="8c84fa94-04c1-424b-9868-57a2d4851a1d" />
    <TestEntry testId="e01837e3-dd85-aff0-0112-1da92974100f" executionId="082b4ff5-8eea-45cf-8e50-c76c2666d055" testListId="8c84fa94-04c1-424b-9868-57a2d4851a1d" />
    <TestEntry testId="686b305f-f303-f515-7207-9e87d7d10690" executionId="e2161ecf-71ac-4ce6-9edc-90429707de22" testListId="8c84fa94-04c1-424b-9868-57a2d4851a1d" />
    <TestEntry testId="fc6e0a9c-044c-72b4-cf99-b66f4a524669" executionId="0e52516a-0dc7-4c3d-a236-ee86d5a4db35" testListId="8c84fa94-04c1-424b-9868-57a2d4851a1d" />
    <TestEntry testId="8bf4618a-ca5a-4683-4604-0a715ffa41ae" executionId="968f93fd-455e-4541-b6f3-f1856649f825" testListId="8c84fa94-04c1-424b-9868-57a2d4851a1d" />
    <TestEntry testId="8010b306-08f3-9e9c-b3f7-b94a946bb390" executionId="4fca60f3-cdc1-4528-9122-204ac4a43ca3" testListId="8c84fa94-04c1-424b-9868-57a2d4851a1d" />
    <TestEntry testId="63fe1282-c03a-d209-72c7-f11b2a932460" executionId="786355f9-b08c-487c-87fb-41de59d6ba74" testListId="8c84fa94-04c1-424b-9868-57a2d4851a1d" />
    <TestEntry testId="f5ebe786-46f4-ab91-3e8a-054f378a4379" executionId="c90b0a99-eb6c-4eac-94f8-67cfd458b5b5" testListId="8c84fa94-04c1-424b-9868-57a2d4851a1d" />
    <TestEntry testId="88602829-4027-dd3b-81d5-263b7fe18c34" executionId="2e9516a6-e561-4da6-a5c2-9ed540574cc8" testListId="8c84fa94-04c1-424b-9868-57a2d4851a1d" />
    <TestEntry testId="a868cd3b-44ba-9f01-539d-b407424e2f17" executionId="541729a9-6fa5-4adf-96de-88e6a948dd9f" testListId="8c84fa94-04c1-424b-9868-57a2d4851a1d" />
    <TestEntry testId="0385a36c-5928-2dd6-aaf5-a09f27201241" executionId="3838749b-d6b1-445d-8a89-072a3d624e90" testListId="8c84fa94-04c1-424b-9868-57a2d4851a1d" />
    <TestEntry testId="51e7df2a-46de-8854-bea7-5834d500cf4e" executionId="5495d6d1-4b7e-4c9d-ac45-3e79db130dbd" testListId="8c84fa94-04c1-424b-9868-57a2d4851a1d" />
    <TestEntry testId="33671ee0-f70c-1a0c-95bc-830b7f4747e8" executionId="339b6417-74b1-4a06-ae94-401d6e767677" testListId="8c84fa94-04c1-424b-9868-57a2d4851a1d" />
    <TestEntry testId="2de9a30c-3170-520a-a677-48be7e517a5f" executionId="520fa256-035a-4350-83b9-3b13ac7abc2e" testListId="8c84fa94-04c1-424b-9868-57a2d4851a1d" />
    <TestEntry testId="e7a8693f-569d-be6c-d199-3f09510f5e0f" executionId="b228002a-3e02-410b-90e2-9c4696862ae7" testListId="8c84fa94-04c1-424b-9868-57a2d4851a1d" />
    <TestEntry testId="24eca1c0-899e-0e01-95b6-f06202dfb3d9" executionId="1f07e1c7-10b8-48a2-93a0-b46939045643" testListId="8c84fa94-04c1-424b-9868-57a2d4851a1d" />
    <TestEntry testId="998ded98-27b5-d225-0c0f-f5022d1f86e2" executionId="7f773ab3-74cd-419b-8b63-1fe654f28ff8" testListId="8c84fa94-04c1-424b-9868-57a2d4851a1d" />
    <TestEntry testId="5eb1fcf5-c912-828b-d94f-d083060379b4" executionId="77cc22cc-92d8-4239-b7f6-8ff1843656d4" testListId="8c84fa94-04c1-424b-9868-57a2d4851a1d" />
    <TestEntry testId="5e90c5ba-caf2-0898-cdd1-3ffcb3ec780e" executionId="e8110462-1274-4166-9616-6d3451189951" testListId="8c84fa94-04c1-424b-9868-57a2d4851a1d" />
    <TestEntry testId="201971f5-6d32-523f-8d5d-61a438fa6cb0" executionId="d379d4e3-e058-471f-86ca-02f88f205cb3" testListId="8c84fa94-04c1-424b-9868-57a2d4851a1d" />
    <TestEntry testId="0d32487b-96ef-e661-fda2-b82c0f7c0960" executionId="8bc956df-31c3-4791-a366-1a7420c0c3bf" testListId="8c84fa94-04c1-424b-9868-57a2d4851a1d" />
    <TestEntry testId="02e7cfc5-8f65-26d7-40a9-155cce04f710" executionId="7efdf7cf-7f86-49d7-addf-bc9efcef33a6" testListId="8c84fa94-04c1-424b-9868-57a2d4851a1d" />
    <TestEntry testId="b725c7ec-e34b-546f-2dfe-c5f9ee0718d5" executionId="fa864a0c-7b62-426c-bd14-7f4b65f76dfa" testListId="8c84fa94-04c1-424b-9868-57a2d4851a1d" />
    <TestEntry testId="5b10a76d-6164-a260-6041-734ff671ad77" executionId="eb1403de-4f7f-42c0-8537-75c37f0a7fd7" testListId="8c84fa94-04c1-424b-9868-57a2d4851a1d" />
    <TestEntry testId="2845374f-3954-870c-5f0d-aa35c0d86acd" executionId="4a05c102-ca91-4b3b-97b6-b9a1ac26caad" testListId="8c84fa94-04c1-424b-9868-57a2d4851a1d" />
    <TestEntry testId="b7d43b73-0f9d-8df5-f05b-02d8e8f493b3" executionId="ee613adc-52af-44db-b089-e22bb577193c" testListId="8c84fa94-04c1-424b-9868-57a2d4851a1d" />
    <TestEntry testId="e8237bc1-0da0-8a85-e946-d0e7cfc1e3ac" executionId="4615c871-67b5-4020-8a6e-4563e5421451" testListId="8c84fa94-04c1-424b-9868-57a2d4851a1d" />
    <TestEntry testId="bcbc8911-e1f4-8756-7327-61b2acd39d9d" executionId="2cccc441-8841-483c-9022-fd0bf466f1c6" testListId="8c84fa94-04c1-424b-9868-57a2d4851a1d" />
    <TestEntry testId="e9bd0d18-dd25-5093-5339-d895dc5b1096" executionId="fd7d9060-7978-4977-8677-d07e6b127d26" testListId="8c84fa94-04c1-424b-9868-57a2d4851a1d" />
    <TestEntry testId="0440b2ca-463e-9f7e-7858-d5bf5f369e9e" executionId="523f4489-5c64-4bf0-9357-03fb57872110" testListId="8c84fa94-04c1-424b-9868-57a2d4851a1d" />
    <TestEntry testId="19e3dedf-1356-6f16-1235-ef8df59b4cd3" executionId="7732324f-e123-4177-8022-fd21a1941f71" testListId="8c84fa94-04c1-424b-9868-57a2d4851a1d" />
    <TestEntry testId="c29c7146-a050-22a0-7dbb-b979d0520aac" executionId="83f74bf6-165b-463b-9152-f9c87785bb1c" testListId="8c84fa94-04c1-424b-9868-57a2d4851a1d" />
    <TestEntry testId="5d9d28f4-3430-338e-3d8e-8e283af1f383" executionId="924c33ed-d5b3-440d-9a66-cde925fcf4c5" testListId="8c84fa94-04c1-424b-9868-57a2d4851a1d" />
    <TestEntry testId="9c172679-e4da-c1c9-e733-0c642e6f832f" executionId="5c7513b1-3804-4b97-8cb3-5da26358b837" testListId="8c84fa94-04c1-424b-9868-57a2d4851a1d" />
    <TestEntry testId="9a9ffa1e-93ba-2bef-66c9-3284f1367348" executionId="2dc241cd-8dc7-426b-892b-ca9748737997" testListId="8c84fa94-04c1-424b-9868-57a2d4851a1d" />
    <TestEntry testId="67c7fc32-83c8-ab3a-8dfe-6779214715b4" executionId="2e711588-ee1c-490e-b265-bacc9b320200" testListId="8c84fa94-04c1-424b-9868-57a2d4851a1d" />
    <TestEntry testId="db5d1405-70f8-2943-7c41-390e34444c10" executionId="226a674d-0f5a-45b1-9a74-190ee1572a32" testListId="8c84fa94-04c1-424b-9868-57a2d4851a1d" />
    <TestEntry testId="de892861-ec82-e9ce-93bb-411eefaeb960" executionId="3e8e718e-6125-45b6-a0e1-b21b0a9dd810" testListId="8c84fa94-04c1-424b-9868-57a2d4851a1d" />
    <TestEntry testId="b66fec4b-b26a-418e-14ce-538f1ceea84a" executionId="720aab7d-9b5a-4cfb-beda-301f324aa08c" testListId="8c84fa94-04c1-424b-9868-57a2d4851a1d" />
    <TestEntry testId="bf0efb53-6a3f-8a08-fa77-57284a0c71e1" executionId="38fb0093-c472-45fd-9a38-9b1945c4e70b" testListId="8c84fa94-04c1-424b-9868-57a2d4851a1d" />
  </TestEntries>
  <TestLists>
    <TestList name="Список результатов" id="8c84fa94-04c1-424b-9868-57a2d4851a1d" />
    <TestList name="Все загруженные результаты" id="19431567-8539-422a-85d7-44ee4e166bda" />
  </TestLists>
  <ResultSummary outcome="Completed">
    <Counters total="99" executed="99" passed="99" failed="0" error="0" timeout="0" aborted="0" inconclusive="0" passedButRunAborted="0" notRunnable="0" notExecuted="0" disconnected="0" warning="0" completed="0" inProgress="0" pending="0" />
    <Output>
      <StdOut>[xUnit.net 00:00:00.00] xUnit.net VSTest Adapter v2.4.3+1b45f5407b (64-bit .NET 6.0.8)
[xUnit.net 00:00:02.30] XunitTestRunner's Void .ctor(Xunit.Abstractions.ITest, Xunit.Sdk.IMessageBus, System.Type, System.Object[], System.Reflection.MethodInfo, System.Object[], System.String, System.Collections.Generic.IReadOnlyList`1[Xunit.Sdk.BeforeAfterTestAttribute], Xunit.Sdk.ExceptionAggregator, System.Threading.CancellationTokenSource) has been patched
[xUnit.net 00:00:02.34] Allure reporter enabled
[xUnit.net 00:00:02.39] Patching is skipped: Xunit is already patched
[xUnit.net 00:00:02.40] Allure reporter enabled
[xUnit.net 00:00:02.45]   Discovering: Eventity.Tests
[xUnit.net 00:00:02.51]   Discovered:  Eventity.Tests
[xUnit.net 00:00:02.51]   Starting:    Eventity.Tests
[xUnit.net 00:00:04.38]   Finished:    Eventity.Tests
</StdOut>
    </Output>
  </ResultSummary>
</TestRun>